  0:00 ------------------------------------------------------------
  0:00 InitGame: \_Admin\Chief®\_Location\Ohio\_Maps\crossfire, strike, crash,backlot, city streets, bloc\fs_game\mods/nspeed\g_compassShowEnemies\0\g_gametype\war\gamename\Call of Duty 4\mapname\mp_crossfire\protocol\6\shortversion\1.7\sv_allowAnonymous\1\sv_disableClientConsole\0\sv_floodprotect\1\sv_hostname\^0Nspeed Mod ^2Chief's\sv_maxclients\24\sv_maxPing\500\sv_maxRate\25000\sv_minPing\0\sv_privateClients\6\sv_punkbuster\0\sv_pure\0\sv_voice\1\ui_maxclients\32
  1:56 ShutdownGame:
  1:56 ------------------------------------------------------------
  0:00 ------------------------------------------------------------
  0:00 InitGame: \_Admin\Chief®\_Location\Ohio\_Maps\crossfire, strike, crash,backlot, city streets, bloc\fs_game\mods/nspeed\g_compassShowEnemies\0\g_gametype\war\gamename\Call of Duty 4\mapname\mp_crossfire\protocol\6\shortversion\1.7\sv_allowAnonymous\1\sv_disableClientConsole\0\sv_floodprotect\1\sv_hostname\^0Nspeed Mod ^2Chief's\sv_maxclients\24\sv_maxPing\500\sv_maxRate\25000\sv_minPing\0\sv_privateClients\6\sv_punkbuster\0\sv_pure\0\sv_voice\1\ui_maxclients\32
  1:09 J;ca40ab5a74513f5a3aa3b96c662a5fcd;6;Chief®
  1:48 Q;ca40ab5a74513f5a3aa3b96c662a5fcd;6;Chief®
  0:00 ------------------------------------------------------------
  0:00 InitGame: \fs_game\mods/nspeed\g_compassShowEnemies\0\g_gametype\war\gamename\Call of Duty 4\mapname\mp_crash\protocol\6\shortversion\1.7\sv_allowAnonymous\0\sv_disableClientConsole\0\sv_floodprotect\1\sv_hostname\^0Nspeed Mod ^2Chief's\sv_maxclients\24\sv_maxPing\500\sv_maxRate\25000\sv_minPing\0\sv_privateClients\0\sv_punkbuster\0\sv_pure\0\sv_voice\1\ui_maxclients\32
  0:01 J;;0;Chief®
  0:33 ShutdownGame:
  0:33 ------------------------------------------------------------
  2:34 ShutdownGame:
  2:34 ------------------------------------------------------------
  2:34 ------------------------------------------------------------
  2:34 InitGame: \_Admin\Chief®\_Location\Ohio\_Maps\crossfire, strike, crash,backlot, city streets, bloc\fs_game\mods/nspeed\g_compassShowEnemies\0\g_gametype\war\gamename\Call of Duty 4\mapname\mp_crossfire\protocol\6\shortversion\1.7\sv_allowAnonymous\1\sv_disableClientConsole\0\sv_floodprotect\1\sv_hostname\^0Nspeed Mod ^2Chief's\sv_maxclients\24\sv_maxPing\500\sv_maxRate\25000\sv_minPing\0\sv_privateClients\6\sv_punkbuster\0\sv_pure\0\sv_voice\1\ui_maxclients\32
  2:50 J;ca40ab5a74513f5a3aa3b96c662a5fcd;6;Chief®
  2:59 Q;ca40ab5a74513f5a3aa3b96c662a5fcd;6;Chief®
 10:58 ShutdownGame:
 10:58 ------------------------------------------------------------
