  0:00 ------------------------------------------------------------
  0:00 InitGame: \fs_game\mods/modwarfare\g_compassShowEnemies\0\g_gametype\dm\gamename\Call of Duty 4\mapname\mp_shipment\protocol\6\shortversion\1.7\sv_allowAnonymous\0\sv_disableClientConsole\0\sv_floodprotect\4\sv_hostname\CoD4Host\sv_maxclients\24\sv_maxPing\0\sv_maxRate\5000\sv_minPing\0\sv_privateClients\0\sv_punkbuster\0\sv_pure\1\sv_voice\0\ui_maxclients\32\version\CoD4 MP 1.8 win_mingw-x86-debug Dec 15 2017
  0:00 ShutdownGame:
  0:00 ------------------------------------------------------------
  0:00 ------------------------------------------------------------
  0:00 InitGame: \fs_game\mods/modwarfare\g_compassShowEnemies\0\g_gametype\dm\gamename\Call of Duty 4\mapname\mp_shipment\protocol\6\shortversion\1.7\sv_allowAnonymous\0\sv_disableClientConsole\0\sv_floodprotect\4\sv_hostname\CoD4Host\sv_maxclients\24\sv_maxPing\0\sv_maxRate\5000\sv_minPing\0\sv_privateClients\0\sv_punkbuster\0\sv_pure\1\sv_voice\0\ui_maxclients\32\version\CoD4 MP 1.8 win_mingw-x86-debug Dec 15 2017
  0:00 ShutdownGame:
  0:00 ------------------------------------------------------------
  0:00 ------------------------------------------------------------
  0:00 InitGame: \fs_game\mods/modwarfare\g_compassShowEnemies\0\g_gametype\dm\gamename\Call of Duty 4\mapname\mp_shipment\protocol\6\shortversion\1.7\sv_allowAnonymous\0\sv_disableClientConsole\0\sv_floodprotect\4\sv_hostname\CoD4Host\sv_maxclients\24\sv_maxPing\0\sv_maxRate\5000\sv_minPing\0\sv_privateClients\0\sv_punkbuster\0\sv_pure\1\sv_voice\0\ui_maxclients\32\version\CoD4 MP 1.8 win_mingw-x86-debug Dec 15 2017
  0:00 ShutdownGame:
  0:00 ------------------------------------------------------------
  0:00 ------------------------------------------------------------
  0:00 InitGame: \fs_game\mods/modwarfare\g_compassShowEnemies\0\g_gametype\dm\gamename\Call of Duty 4\mapname\mp_shipment\protocol\6\shortversion\1.7\sv_allowAnonymous\0\sv_disableClientConsole\0\sv_floodprotect\4\sv_hostname\CoD4Host\sv_maxclients\24\sv_maxPing\0\sv_maxRate\5000\sv_minPing\0\sv_privateClients\0\sv_punkbuster\0\sv_pure\1\sv_voice\0\ui_maxclients\32\version\CoD4 MP 1.8 win_mingw-x86-debug Dec 15 2017
  0:00 ShutdownGame:
  0:00 ------------------------------------------------------------
  0:00 ------------------------------------------------------------
  0:00 InitGame: \fs_game\mods/modwarfare\g_compassShowEnemies\0\g_gametype\dm\gamename\Call of Duty 4\mapname\mp_shipment\protocol\6\shortversion\1.7\sv_allowAnonymous\0\sv_disableClientConsole\0\sv_floodprotect\4\sv_hostname\CoD4Host\sv_maxclients\24\sv_maxPing\0\sv_maxRate\5000\sv_minPing\0\sv_privateClients\0\sv_punkbuster\0\sv_pure\1\sv_voice\0\ui_maxclients\32\version\CoD4 MP 1.8 win_mingw-x86-debug Dec 15 2017
  0:00 ShutdownGame:
  0:00 ------------------------------------------------------------
  0:00 ------------------------------------------------------------
  0:00 InitGame: \fs_game\mods/modwarfare\g_compassShowEnemies\0\g_gametype\dm\gamename\Call of Duty 4\mapname\mp_shipment\protocol\6\shortversion\1.7\sv_allowAnonymous\0\sv_disableClientConsole\0\sv_floodprotect\4\sv_hostname\CoD4Host\sv_maxclients\24\sv_maxPing\0\sv_maxRate\5000\sv_minPing\0\sv_privateClients\0\sv_punkbuster\0\sv_pure\1\sv_voice\0\ui_maxclients\32\version\CoD4 MP 1.8 win_mingw-x86-debug Dec 15 2017
  0:00 ShutdownGame:
  0:00 ------------------------------------------------------------
  0:00 ------------------------------------------------------------
  0:00 InitGame: \fs_game\mods/modwarfare\g_compassShowEnemies\0\g_gametype\dm\gamename\Call of Duty 4\mapname\mp_shipment\protocol\6\shortversion\1.7\sv_allowAnonymous\0\sv_disableClientConsole\0\sv_floodprotect\4\sv_hostname\CoD4Host\sv_maxclients\24\sv_maxPing\0\sv_maxRate\5000\sv_minPing\0\sv_privateClients\0\sv_punkbuster\0\sv_pure\1\sv_voice\0\ui_maxclients\32\version\CoD4 MP 1.8 win_mingw-x86-debug Dec 15 2017
  0:00 ShutdownGame:
  0:00 ------------------------------------------------------------
  0:00 ------------------------------------------------------------
  0:00 InitGame: \fs_game\mods/modwarfare\g_compassShowEnemies\0\g_gametype\dm\gamename\Call of Duty 4\mapname\mp_shipment\protocol\6\shortversion\1.7\sv_allowAnonymous\0\sv_disableClientConsole\0\sv_floodprotect\4\sv_hostname\CoD4Host\sv_maxclients\24\sv_maxPing\0\sv_maxRate\5000\sv_minPing\0\sv_privateClients\0\sv_punkbuster\0\sv_pure\1\sv_voice\0\ui_maxclients\32\version\CoD4 MP 1.8 win_mingw-x86-debug Dec 15 2017
  0:00 ShutdownGame:
  0:00 ------------------------------------------------------------
  0:00 ------------------------------------------------------------
  0:00 InitGame: \fs_game\mods/modwarfare\g_compassShowEnemies\0\g_gametype\dm\gamename\Call of Duty 4\mapname\mp_shipment\protocol\6\shortversion\1.7\sv_allowAnonymous\0\sv_disableClientConsole\0\sv_floodprotect\4\sv_hostname\CoD4Host\sv_maxclients\24\sv_maxPing\0\sv_maxRate\5000\sv_minPing\0\sv_privateClients\0\sv_punkbuster\0\sv_pure\1\sv_voice\0\ui_maxclients\32\version\CoD4 MP 1.8 win_mingw-x86-debug Dec 15 2017
  0:00 ShutdownGame:
  0:00 ------------------------------------------------------------
  0:00 ------------------------------------------------------------
  0:00 InitGame: \fs_game\mods/modwarfare\g_compassShowEnemies\0\g_gametype\dm\gamename\Call of Duty 4\mapname\mp_shipment\protocol\6\shortversion\1.7\sv_allowAnonymous\0\sv_disableClientConsole\0\sv_floodprotect\4\sv_hostname\CoD4Host\sv_maxclients\24\sv_maxPing\0\sv_maxRate\5000\sv_minPing\0\sv_privateClients\0\sv_punkbuster\0\sv_pure\1\sv_voice\0\ui_maxclients\32\version\CoD4 MP 1.8 win_mingw-x86-debug Dec 15 2017
  0:00 ShutdownGame:
  0:00 ------------------------------------------------------------
  0:00 ------------------------------------------------------------
  0:00 InitGame: \fs_game\mods/modwarfare\g_compassShowEnemies\0\g_gametype\dm\gamename\Call of Duty 4\mapname\mp_shipment\protocol\6\shortversion\1.7\sv_allowAnonymous\0\sv_disableClientConsole\0\sv_floodprotect\4\sv_hostname\CoD4Host\sv_maxclients\24\sv_maxPing\0\sv_maxRate\5000\sv_minPing\0\sv_privateClients\0\sv_punkbuster\0\sv_pure\1\sv_voice\0\ui_maxclients\32\version\CoD4 MP 1.8 win_mingw-x86-debug Dec 15 2017
  0:00 ShutdownGame:
  0:00 ------------------------------------------------------------
  0:00 ------------------------------------------------------------
  0:00 InitGame: \fs_game\mods/modwarfare\g_compassShowEnemies\0\g_gametype\dm\gamename\Call of Duty 4\mapname\mp_shipment\protocol\6\shortversion\1.7\sv_allowAnonymous\0\sv_disableClientConsole\0\sv_floodprotect\4\sv_hostname\CoD4Host\sv_maxclients\24\sv_maxPing\0\sv_maxRate\5000\sv_minPing\0\sv_privateClients\0\sv_punkbuster\0\sv_pure\1\sv_voice\0\ui_maxclients\32\version\CoD4 MP 1.8 win_mingw-x86-debug Dec 15 2017
  0:00 ShutdownGame:
  0:00 ------------------------------------------------------------
  0:00 ------------------------------------------------------------
  0:00 InitGame: \fs_game\mods/modwarfare\g_compassShowEnemies\0\g_gametype\dm\gamename\Call of Duty 4\mapname\mp_shipment\protocol\6\shortversion\1.7\sv_allowAnonymous\0\sv_disableClientConsole\0\sv_floodprotect\4\sv_hostname\CoD4Host\sv_maxclients\24\sv_maxPing\0\sv_maxRate\5000\sv_minPing\0\sv_privateClients\0\sv_punkbuster\0\sv_pure\1\sv_voice\0\ui_maxclients\32\version\CoD4 MP 1.8 win_mingw-x86-debug Dec 15 2017
  0:00 ShutdownGame:
  0:00 ------------------------------------------------------------
  0:00 ------------------------------------------------------------
  0:00 InitGame: \fs_game\mods/modwarfare\g_compassShowEnemies\0\g_gametype\war\gamename\Call of Duty 4\mapname\mp_killhouse\protocol\6\shortversion\1.7\sv_allowAnonymous\0\sv_disableClientConsole\0\sv_floodprotect\4\sv_hostname\ChieFFs Map\sv_maxclients\24\sv_maxPing\0\sv_maxRate\5000\sv_minPing\0\sv_privateClients\0\sv_punkbuster\0\sv_pure\1\sv_voice\0\ui_maxclients\32\version\CoD4 MP 1.8 win_mingw-x86-debug Dec 15 2017
  0:12 ShutdownGame:
  0:12 ------------------------------------------------------------
  0:12 ------------------------------------------------------------
  0:12 InitGame: \fs_game\mods/modwarfare\g_compassShowEnemies\0\g_gametype\war\gamename\Call of Duty 4\mapname\mp_wallace\protocol\6\shortversion\1.7\sv_allowAnonymous\0\sv_disableClientConsole\0\sv_floodprotect\4\sv_hostname\ChieFFs Map\sv_maxclients\24\sv_maxPing\0\sv_maxRate\5000\sv_minPing\0\sv_privateClients\0\sv_punkbuster\0\sv_pure\1\sv_voice\0\ui_maxclients\32\version\CoD4 MP 1.8 win_mingw-x86-debug Dec 15 2017
 10:46 ExitLevel: executed
 10:46 ShutdownGame:
 10:46 ------------------------------------------------------------
 10:46 ------------------------------------------------------------
 10:46 InitGame: \fs_game\mods/modwarfare\g_compassShowEnemies\0\g_gametype\war\gamename\Call of Duty 4\mapname\mp_backlot\protocol\6\shortversion\1.7\sv_allowAnonymous\0\sv_disableClientConsole\0\sv_floodprotect\4\sv_hostname\ChieFFs Map\sv_maxclients\24\sv_maxPing\0\sv_maxRate\5000\sv_minPing\0\sv_privateClients\0\sv_punkbuster\0\sv_pure\1\sv_voice\0\ui_maxclients\32\version\CoD4 MP 1.8 win_mingw-x86-debug Dec 15 2017
 13:56 ShutdownGame:
 13:56 ------------------------------------------------------------
  0:00 ------------------------------------------------------------
  0:00 InitGame: \fs_game\mods/modwarfare\g_compassShowEnemies\0\g_gametype\war\gamename\Call of Duty 4\mapname\mp_fnrp_cemetery\protocol\6\shortversion\1.7\sv_allowAnonymous\0\sv_disableClientConsole\0\sv_floodprotect\4\sv_hostname\ChieFFs Map\sv_maxclients\24\sv_maxPing\0\sv_maxRate\5000\sv_minPing\0\sv_privateClients\0\sv_punkbuster\0\sv_pure\1\sv_voice\0\ui_maxclients\32\version\CoD4 MP 1.8 win_mingw-x86-debug Dec 15 2017
  0:00 ShutdownGame:
  0:00 ------------------------------------------------------------
  0:00 ------------------------------------------------------------
  0:00 InitGame: \fs_game\mods/modwarfare\g_compassShowEnemies\0\g_gametype\war\gamename\Call of Duty 4\mapname\mp_wallace\protocol\6\shortversion\1.7\sv_allowAnonymous\0\sv_disableClientConsole\0\sv_floodprotect\4\sv_hostname\ChieFFs Map\sv_maxclients\24\sv_maxPing\0\sv_maxRate\5000\sv_minPing\0\sv_privateClients\0\sv_punkbuster\0\sv_pure\1\sv_voice\0\ui_maxclients\32\version\CoD4 MP 1.8 win_mingw-x86-debug Dec 15 2017
  0:00 ------------------------------------------------------------
  0:00 InitGame: \fs_game\mods/modwarfare\g_compassShowEnemies\0\g_gametype\dm\gamename\Call of Duty 4\mapname\mp_shipment\protocol\6\shortversion\1.7\sv_allowAnonymous\0\sv_disableClientConsole\0\sv_floodprotect\1\sv_hostname\^8ChieF's Sandbox\sv_maxclients\13\sv_maxPing\250\sv_maxRate\25000\sv_minPing\0\sv_privateClients\0\sv_punkbuster\0\sv_pure\1\sv_voice\0\ui_maxclients\32\version\CoD4 MP 17.9 win_mingw-x86 Feb 27 2019
  0:00 ShutdownGame:
  0:00 ------------------------------------------------------------
