  0:00 ------------------------------------------------------------
  0:00 InitGame: \fs_game\mods/wallace\g_compassShowEnemies\0\g_gametype\war\gamename\Call of Duty 4\mapname\mp_wallace\protocol\6\shortversion\1.7\sv_allowAnonymous\0\sv_disableClientConsole\0\sv_floodprotect\1\sv_hostname\^2Chief's Test Server\sv_maxclients\24\sv_maxPing\500\sv_maxRate\25000\sv_minPing\0\sv_privateClients\0\sv_punkbuster\0\sv_pure\1\sv_voice\1\ui_maxclients\32
  0:00 ShutdownGame:
  0:00 ------------------------------------------------------------
  0:00 ------------------------------------------------------------
  0:00 InitGame: \fs_game\mods/wallace\g_compassShowEnemies\0\g_gametype\war\gamename\Call of Duty 4\mapname\mp_wallace\protocol\6\shortversion\1.7\sv_allowAnonymous\0\sv_disableClientConsole\0\sv_floodprotect\1\sv_hostname\^2Chief's Test Server\sv_maxclients\24\sv_maxPing\500\sv_maxRate\25000\sv_minPing\0\sv_privateClients\0\sv_punkbuster\0\sv_pure\1\sv_voice\1\ui_maxclients\32
  0:00 ShutdownGame:
  0:00 ------------------------------------------------------------
  0:00 ------------------------------------------------------------
  0:00 InitGame: \fs_game\mods/wallace\g_compassShowEnemies\0\g_gametype\war\gamename\Call of Duty 4\mapname\mp_wallace\protocol\6\shortversion\1.7\sv_allowAnonymous\0\sv_disableClientConsole\0\sv_floodprotect\1\sv_hostname\^2Chief's Test Server\sv_maxclients\24\sv_maxPing\500\sv_maxRate\25000\sv_minPing\0\sv_privateClients\0\sv_punkbuster\0\sv_pure\1\sv_voice\1\ui_maxclients\32
  0:00 ShutdownGame:
  0:00 ------------------------------------------------------------
  0:00 ------------------------------------------------------------
  0:00 InitGame: \fs_game\mods/wallace\g_compassShowEnemies\0\g_gametype\war\gamename\Call of Duty 4\mapname\mp_wallace\protocol\6\shortversion\1.7\sv_allowAnonymous\0\sv_disableClientConsole\0\sv_floodprotect\1\sv_hostname\^2Chief's Test Server\sv_maxclients\24\sv_maxPing\500\sv_maxRate\25000\sv_minPing\0\sv_privateClients\0\sv_punkbuster\0\sv_pure\1\sv_voice\1\ui_maxclients\32
  0:00 ------------------------------------------------------------
  0:00 InitGame: \fs_game\mods/wallace\g_compassShowEnemies\0\g_gametype\war\gamename\Call of Duty 4\mapname\mp_wallace\protocol\6\shortversion\1.7\sv_allowAnonymous\0\sv_disableClientConsole\0\sv_floodprotect\1\sv_hostname\^2Chief's Test Server\sv_maxclients\24\sv_maxPing\500\sv_maxRate\25000\sv_minPing\0\sv_privateClients\0\sv_punkbuster\0\sv_pure\1\sv_voice\1\ui_maxclients\32
  0:00 ------------------------------------------------------------
  0:00 InitGame: \fs_game\mods/wallace\g_compassShowEnemies\0\g_gametype\war\gamename\Call of Duty 4\mapname\mp_wallace\protocol\6\shortversion\1.7\sv_allowAnonymous\0\sv_disableClientConsole\0\sv_floodprotect\1\sv_hostname\^2Chief's Test Server\sv_maxclients\24\sv_maxPing\500\sv_maxRate\25000\sv_minPing\0\sv_privateClients\0\sv_punkbuster\0\sv_pure\1\sv_voice\1\ui_maxclients\32
  0:00 ------------------------------------------------------------
  0:00 InitGame: \fs_game\mods/wallace\g_compassShowEnemies\0\g_gametype\war\gamename\Call of Duty 4\mapname\mp_wallace\protocol\6\shortversion\1.7\sv_allowAnonymous\0\sv_disableClientConsole\0\sv_floodprotect\1\sv_hostname\^2Chief's Test Server\sv_maxclients\24\sv_maxPing\500\sv_maxRate\25000\sv_minPing\0\sv_privateClients\0\sv_punkbuster\0\sv_pure\1\sv_voice\1\ui_maxclients\32
  0:00 ShutdownGame:
  0:00 ------------------------------------------------------------
  0:00 ------------------------------------------------------------
  0:00 InitGame: \fs_game\mods/wallace\g_compassShowEnemies\0\g_gametype\war\gamename\Call of Duty 4\mapname\mp_wallace\protocol\6\shortversion\1.7\sv_allowAnonymous\0\sv_disableClientConsole\0\sv_floodprotect\1\sv_hostname\^2Chief's Test Server\sv_maxclients\24\sv_maxPing\500\sv_maxRate\25000\sv_minPing\0\sv_privateClients\0\sv_punkbuster\0\sv_pure\1\sv_voice\1\ui_maxclients\32
  0:00 ShutdownGame:
  0:00 ------------------------------------------------------------
  0:00 ------------------------------------------------------------
  0:00 InitGame: \fs_game\mods/wallace\g_compassShowEnemies\0\g_gametype\war\gamename\Call of Duty 4\mapname\mp_wallace\protocol\6\shortversion\1.7\sv_allowAnonymous\0\sv_disableClientConsole\0\sv_floodprotect\1\sv_hostname\^2Chief's Test Server\sv_maxclients\24\sv_maxPing\500\sv_maxRate\25000\sv_minPing\0\sv_privateClients\0\sv_punkbuster\0\sv_pure\1\sv_voice\1\ui_maxclients\32
  0:00 ShutdownGame:
  0:00 ------------------------------------------------------------
  0:00 ------------------------------------------------------------
  0:00 InitGame: \fs_game\mods/wallace\g_compassShowEnemies\0\g_gametype\war\gamename\Call of Duty 4\mapname\mp_wallace\protocol\6\shortversion\1.7\sv_allowAnonymous\0\sv_disableClientConsole\0\sv_floodprotect\1\sv_hostname\^2Chief's Test Server\sv_maxclients\24\sv_maxPing\500\sv_maxRate\25000\sv_minPing\0\sv_privateClients\0\sv_punkbuster\0\sv_pure\1\sv_voice\1\ui_maxclients\32
  0:00 ShutdownGame:
  0:00 ------------------------------------------------------------
  0:00 ------------------------------------------------------------
  0:00 InitGame: \fs_game\mods/wallace\g_compassShowEnemies\0\g_gametype\war\gamename\Call of Duty 4\mapname\mp_crash\protocol\6\shortversion\1.7\sv_allowAnonymous\0\sv_disableClientConsole\0\sv_floodprotect\1\sv_hostname\^2Chief's Test Server\sv_maxclients\24\sv_maxPing\500\sv_maxRate\25000\sv_minPing\0\sv_privateClients\0\sv_punkbuster\0\sv_pure\1\sv_voice\1\ui_maxclients\32
  0:01 J;;0;Chief®
  1:06 D;;0;axis;Chief®;;-1;world;;none;72;MOD_FALLING;none
  8:09 Weapon;;0;Chief;frag_grenade_mp
  8:10 Weapon;;0;Chief;frag_grenade_mp
  8:12 K;;0;;Chief®;;-1;;Chief®;frag_grenade_mp;246;MOD_GRENADE_SPLASH;none
  9:33 ShutdownGame:
  9:33 ------------------------------------------------------------
  9:33 ------------------------------------------------------------
  9:33 InitGame: \fs_game\mods/wallace\g_compassShowEnemies\0\g_gametype\war\gamename\Call of Duty 4\mapname\mp_crash\protocol\6\shortversion\1.7\sv_allowAnonymous\0\sv_disableClientConsole\0\sv_floodprotect\1\sv_hostname\^2Chief's Test Server\sv_maxclients\24\sv_maxPing\500\sv_maxRate\25000\sv_minPing\0\sv_privateClients\0\sv_punkbuster\0\sv_pure\1\sv_voice\1\ui_maxclients\32
  9:34 J;;0;Chief®
 16:30 K;;0;;Chief®;;-1;world;;none;110;MOD_FALLING;none
 16:40 ShutdownGame:
 16:40 ------------------------------------------------------------
  0:00 ------------------------------------------------------------
  0:00 InitGame: \fs_game\mods/wallace\g_compassShowEnemies\0\g_gametype\war\gamename\Call of Duty 4\mapname\mp_wallace\protocol\6\shortversion\1.7\sv_allowAnonymous\0\sv_disableClientConsole\0\sv_floodprotect\1\sv_hostname\^2Chief's Test Server\sv_maxclients\24\sv_maxPing\500\sv_maxRate\25000\sv_minPing\0\sv_privateClients\0\sv_punkbuster\0\sv_pure\1\sv_voice\1\ui_maxclients\32
  0:00 ShutdownGame:
  0:00 ------------------------------------------------------------
  0:00 ------------------------------------------------------------
  0:00 InitGame: \fs_game\mods/wallace\g_compassShowEnemies\0\g_gametype\war\gamename\Call of Duty 4\mapname\mp_wallace\protocol\6\shortversion\1.7\sv_allowAnonymous\0\sv_disableClientConsole\0\sv_floodprotect\1\sv_hostname\^2Chief's Test Server\sv_maxclients\24\sv_maxPing\500\sv_maxRate\25000\sv_minPing\0\sv_privateClients\0\sv_punkbuster\0\sv_pure\1\sv_voice\1\ui_maxclients\32
  0:00 ShutdownGame:
  0:00 ------------------------------------------------------------
  0:00 ------------------------------------------------------------
  0:00 InitGame: \fs_game\mods/wallace\g_compassShowEnemies\0\g_gametype\war\gamename\Call of Duty 4\mapname\mp_wallace\protocol\6\shortversion\1.7\sv_allowAnonymous\0\sv_disableClientConsole\0\sv_floodprotect\1\sv_hostname\^2Chief's Test Server\sv_maxclients\24\sv_maxPing\500\sv_maxRate\25000\sv_minPing\0\sv_privateClients\0\sv_punkbuster\0\sv_pure\1\sv_voice\1\ui_maxclients\32
  0:00 ShutdownGame:
  0:00 ------------------------------------------------------------
  0:00 ------------------------------------------------------------
  0:00 InitGame: \fs_game\mods/wallace\g_compassShowEnemies\0\g_gametype\war\gamename\Call of Duty 4\mapname\mp_crash\protocol\6\shortversion\1.7\sv_allowAnonymous\0\sv_disableClientConsole\0\sv_floodprotect\1\sv_hostname\^2Chief's Test Server\sv_maxclients\24\sv_maxPing\500\sv_maxRate\25000\sv_minPing\0\sv_privateClients\0\sv_punkbuster\0\sv_pure\1\sv_voice\1\ui_maxclients\32
  0:01 J;;0;Chief®
  0:22 D;;0;axis;Chief®;;-1;world;;none;1;MOD_FALLING;none
  1:27 K;;0;;Chief®;;-1;world;;none;110;MOD_FALLING;none
  4:04 K;;0;;Chief®;;-1;world;;none;110;MOD_FALLING;none
  5:42 K;;0;;Chief®;;-1;world;;none;110;MOD_FALLING;none
  6:32 K;;0;;Chief®;;-1;world;;none;110;MOD_FALLING;none
  7:35 K;;0;;Chief®;;-1;world;;none;110;MOD_FALLING;none
  9:04 K;;0;;Chief®;;-1;world;;none;110;MOD_FALLING;none
  9:46 K;;0;;Chief®;;-1;world;;none;110;MOD_FALLING;none
 10:33 ExitLevel: executed
 10:33 ShutdownGame:
 10:33 ------------------------------------------------------------
 10:33 ------------------------------------------------------------
 10:33 InitGame: \fs_game\mods/wallace\g_compassShowEnemies\0\g_gametype\war\gamename\Call of Duty 4\mapname\mp_backlot\protocol\6\shortversion\1.7\sv_allowAnonymous\0\sv_disableClientConsole\0\sv_floodprotect\1\sv_hostname\^2Chief's Test Server\sv_maxclients\24\sv_maxPing\500\sv_maxRate\25000\sv_minPing\0\sv_privateClients\0\sv_punkbuster\0\sv_pure\1\sv_voice\1\ui_maxclients\32
 10:35 J;;0;Chief®
 11:50 D;;0;axis;Chief®;;-1;world;;none;9;MOD_FALLING;none
 12:02 D;;0;axis;Chief®;;-1;world;;none;24;MOD_FALLING;none
 12:11 D;;0;axis;Chief®;;-1;world;;none;24;MOD_FALLING;none
 12:40 D;;0;axis;Chief®;;-1;world;;none;96;MOD_FALLING;none
 12:51 D;;0;axis;Chief®;;-1;world;;none;7;MOD_FALLING;none
 13:24 D;;0;axis;Chief®;;-1;world;;none;11;MOD_FALLING;none
 13:44 K;;0;;Chief®;;-1;;Chief®;frag_grenade_mp;217;MOD_GRENADE_SPLASH;none
 14:08 D;;0;axis;Chief®;;-1;world;;none;18;MOD_FALLING;none
 14:11 D;;0;axis;Chief®;;-1;world;;none;4;MOD_FALLING;none
 14:59 D;;0;axis;Chief®;;-1;world;;none;97;MOD_FALLING;none
 16:20 K;;0;;Chief®;;-1;world;;none;110;MOD_FALLING;none
 17:51 D;;0;axis;Chief®;;-1;world;;none;45;MOD_FALLING;none
 18:04 D;;0;axis;Chief®;;-1;world;;none;45;MOD_FALLING;none
 18:12 D;;0;axis;Chief®;;-1;world;;none;29;MOD_FALLING;none
 18:24 D;;0;axis;Chief®;;-1;world;;none;26;MOD_FALLING;none
 18:34 D;;0;axis;Chief®;;-1;world;;none;66;MOD_FALLING;none
 18:52 D;;0;axis;Chief®;;-1;world;;none;44;MOD_FALLING;none
 20:24 D;;0;axis;Chief®;;-1;world;;none;45;MOD_FALLING;none
 20:53 ShutdownGame:
 20:53 ------------------------------------------------------------
 20:53 ------------------------------------------------------------
 20:53 InitGame: \fs_game\mods/wallace\g_compassShowEnemies\0\g_gametype\war\gamename\Call of Duty 4\mapname\mp_backlot\protocol\6\shortversion\1.7\sv_allowAnonymous\0\sv_disableClientConsole\0\sv_floodprotect\1\sv_hostname\^2Chief's Test Server\sv_maxclients\24\sv_maxPing\500\sv_maxRate\25000\sv_minPing\0\sv_privateClients\0\sv_punkbuster\0\sv_pure\1\sv_voice\1\ui_maxclients\32
 20:55 J;;0;Chief®
 22:35 K;;0;;Chief®;;-1;world;;none;110;MOD_FALLING;none
 23:12 K;;0;;Chief®;;-1;world;;none;110;MOD_FALLING;none
 24:09 D;;0;axis;Chief®;;-1;world;;none;59;MOD_FALLING;none
 24:21 D;;0;axis;Chief®;;-1;world;;none;62;MOD_FALLING;none
 25:33 K;;0;;Chief®;;-1;world;;none;110;MOD_FALLING;none
 25:53 D;;0;axis;Chief®;;-1;world;;none;8;MOD_FALLING;none
 25:57 D;;0;axis;Chief®;;-1;world;;none;3;MOD_FALLING;none
 26:11 K;;0;;Chief®;;-1;world;;none;110;MOD_FALLING;none
 26:27 D;;0;axis;Chief®;;-1;world;;none;22;MOD_FALLING;none
 26:55 D;;0;axis;Chief®;;-1;world;;none;33;MOD_FALLING;none
 27:03 D;;0;axis;Chief®;;-1;world;;none;45;MOD_FALLING;none
 27:12 D;;0;axis;Chief®;;-1;world;;none;28;MOD_FALLING;none
 30:16 D;;0;axis;Chief®;;-1;world;;none;56;MOD_FALLING;none
 30:22 D;;0;axis;Chief®;;-1;world;;none;26;MOD_FALLING;none
 31:20 ShutdownGame:
 31:20 ------------------------------------------------------------
 31:20 ------------------------------------------------------------
 31:20 InitGame: \fs_game\mods/wallace\g_compassShowEnemies\0\g_gametype\war\gamename\Call of Duty 4\mapname\mp_wallace\protocol\6\shortversion\1.7\sv_allowAnonymous\0\sv_disableClientConsole\0\sv_floodprotect\1\sv_hostname\^2Chief's Test Server\sv_maxclients\24\sv_maxPing\500\sv_maxRate\25000\sv_minPing\0\sv_privateClients\0\sv_punkbuster\0\sv_pure\1\sv_voice\1\ui_maxclients\32
 31:20 ShutdownGame:
 31:20 ------------------------------------------------------------
  0:00 ------------------------------------------------------------
  0:00 InitGame: \fs_game\mods/wallace\g_compassShowEnemies\0\g_gametype\war\gamename\Call of Duty 4\mapname\mp_wallace\protocol\6\shortversion\1.7\sv_allowAnonymous\0\sv_disableClientConsole\0\sv_floodprotect\1\sv_hostname\^2Chief's Test Server\sv_maxclients\24\sv_maxPing\500\sv_maxRate\25000\sv_minPing\0\sv_privateClients\0\sv_punkbuster\0\sv_pure\1\sv_voice\1\ui_maxclients\32
  0:00 ShutdownGame:
  0:00 ------------------------------------------------------------
  0:00 ------------------------------------------------------------
  0:00 InitGame: \fs_game\mods/wallace\g_compassShowEnemies\0\g_gametype\war\gamename\Call of Duty 4\mapname\mp_wallace\protocol\6\shortversion\1.7\sv_allowAnonymous\0\sv_disableClientConsole\0\sv_floodprotect\1\sv_hostname\^2Chief's Test Server\sv_maxclients\24\sv_maxPing\500\sv_maxRate\25000\sv_minPing\0\sv_privateClients\0\sv_punkbuster\0\sv_pure\1\sv_voice\1\ui_maxclients\32
  0:00 ShutdownGame:
  0:00 ------------------------------------------------------------
  0:00 ------------------------------------------------------------
  0:00 InitGame: \fs_game\mods/wallace\g_compassShowEnemies\0\g_gametype\war\gamename\Call of Duty 4\mapname\mp_wallace\protocol\6\shortversion\1.7\sv_allowAnonymous\0\sv_disableClientConsole\0\sv_floodprotect\1\sv_hostname\^2Chief's Test Server\sv_maxclients\24\sv_maxPing\500\sv_maxRate\25000\sv_minPing\0\sv_privateClients\0\sv_punkbuster\0\sv_pure\1\sv_voice\1\ui_maxclients\32
  0:00 ShutdownGame:
  0:00 ------------------------------------------------------------
  0:00 ------------------------------------------------------------
  0:00 InitGame: \fs_game\mods/wallace\g_compassShowEnemies\0\g_gametype\war\gamename\Call of Duty 4\mapname\mp_wallace\protocol\6\shortversion\1.7\sv_allowAnonymous\0\sv_disableClientConsole\0\sv_floodprotect\1\sv_hostname\^2Chief's Test Server\sv_maxclients\24\sv_maxPing\500\sv_maxRate\25000\sv_minPing\0\sv_privateClients\0\sv_punkbuster\0\sv_pure\1\sv_voice\1\ui_maxclients\32
  0:00 ShutdownGame:
  0:00 ------------------------------------------------------------
  0:00 ------------------------------------------------------------
  0:00 InitGame: \fs_game\mods/wallace\g_compassShowEnemies\0\g_gametype\war\gamename\Call of Duty 4\mapname\mp_wallace\protocol\6\shortversion\1.7\sv_allowAnonymous\0\sv_disableClientConsole\0\sv_floodprotect\1\sv_hostname\^2Chief's Test Server\sv_maxclients\24\sv_maxPing\500\sv_maxRate\25000\sv_minPing\0\sv_privateClients\0\sv_punkbuster\0\sv_pure\1\sv_voice\1\ui_maxclients\32
  0:00 ShutdownGame:
  0:00 ------------------------------------------------------------
  0:00 ------------------------------------------------------------
  0:00 InitGame: \fs_game\mods/wallace\g_compassShowEnemies\0\g_gametype\war\gamename\Call of Duty 4\mapname\mp_wallace\protocol\6\shortversion\1.7\sv_allowAnonymous\0\sv_disableClientConsole\0\sv_floodprotect\1\sv_hostname\^2Chief's Test Server\sv_maxclients\24\sv_maxPing\500\sv_maxRate\25000\sv_minPing\0\sv_privateClients\0\sv_punkbuster\0\sv_pure\1\sv_voice\1\ui_maxclients\32
  0:01 J;;0;Chief®
  2:27 K;;0;;Chief®;;-1;world;;none;110;MOD_FALLING;none
  3:31 D;;0;axis;Chief®;;-1;world;;none;98;MOD_FALLING;none
  5:00 K;;0;;Chief®;;-1;;Chief®;frag_grenade_mp;271;MOD_GRENADE_SPLASH;none
  6:04 D;;0;axis;Chief®;;-1;world;;none;7;MOD_FALLING;none
  6:10 D;;0;axis;Chief®;;-1;world;;none;19;MOD_FALLING;none
  6:10 D;;0;axis;Chief®;;-1;world;;none;7;MOD_FALLING;none
  7:24 D;;0;axis;Chief®;;-1;world;;none;45;MOD_FALLING;none
  7:54 ShutdownGame:
  7:54 ------------------------------------------------------------
