Build 568 nightly Wed Jun 18 2008 04:48:38PM
logfile opened on Fri Nov 01 11:03:16 2013

net_ip will be changed upon restarting.
      dvar set net_port 28960
      dvar set com_hunkMegs 512
      dvar set net_noipx 1
      dvar set dedicated dedicated internet server
dedicated is read only.
      dvar set sv_master3 cod4update.activision.com
      dvar set rcon_password 432000
      dvar set sv_privatePassword 0
      dvar set sv_maxclients 24
      dvar set sv_privateClients 6
      dvar set sv_minPing 0
      dvar set sv_maxPing 500
      dvar set sv_allowDownload 1
      dvar set sv_wwwDownload 0
      dvar set sv_wwwDlDisconnected 0
      dvar set sv_maxRate 25000
      dvar set sv_timeout 300
      dvar set sv_zombietime 1
      dvar set sv_floodprotect 1
      dvar set sv_reconnectlimit 3
      dvar set sv_disableClientConsole 0
      dvar set sv_cheats 0
sv_cheats is read only.
      dvar set sv_pure 1
      dvar set g_banIPs 
      dvar set sv_punkbuster 0
sv_punkbuster is write protected.
      dvar set sv_kickBanTime 60
      dvar set sv_voice 1
      dvar set sv_voiceQuality 1
      dvar set voice_deadChat 1
      dvar set voice_global 0
      dvar set voice_localEcho 0
      dvar set winvoice_mic_mute 1
      dvar set g_allowvote 1
      dvar set scr_game_allowkillcam 1
      dvar set scr_game_onlyheadshots 0
      dvar set scr_game_deathpointloss 1
      dvar set scr_game_suicidepointloss 1
      dvar set scr_team_teamkillpointloss 1
      dvar set scr_game_spectatetype 1
      dvar set scr_game_forceuav 0
      dvar set scr_game_hardpoints 1
      dvar set scr_hardpoint_allowartillery 1
      dvar set scr_hardpoint_allowuav 1
      dvar set scr_hardpoint_allowhelicopter 1
      dvar set scr_team_fftype 0
      dvar set scr_team_teamkillspawndelay 30
      dvar set scr_team_kickteamkillers 2
      dvar set scr_player_maxhealth 100
      dvar set scr_player_suicidespawndelay 3
      dvar set scr_player_healthregentime 5
      dvar set scr_player_forcerespawn 1
      dvar set scr_player_sprinttime 12
      dvar set scr_hardcore 0
      dvar set ui_hud_obituaries 1
      dvar set ui_hud_showobjicons 1
      dvar set sv_allowAnonymous 0
      dvar set g_antilag 1
      dvar set g_gametype war
      dvar set sv_mapRotation gametype war map mp_wallace
      dvar set scr_dm_scorelimit 350
      dvar set scr_dm_timelimit 30
      dvar set scr_dm_roundlimit 1
      dvar set scr_dm_numlives 0
      dvar set scr_dm_playerrespawndelay 1
      dvar set scr_dm_waverespawndelay 0
      dvar set scr_dom_scorelimit 200
      dvar set scr_dom_timelimit 0
      dvar set scr_dom_roundlimit 1
      dvar set scr_dom_numlives 0
      dvar set scr_dom_playerrespawndelay 1
      dvar set scr_dom_waverespawndelay 0
      dvar set scr_war_scorelimit 2000
      dvar set scr_war_timelimit 30
      dvar set scr_war_roundlimit 1
      dvar set scr_war_numlives 0
      dvar set scr_war_playerrespawndelay 0
      dvar set scr_war_waverespawndelay 0
      dvar set scr_sab_scorelimit 1
      dvar set scr_sab_timelimit 20
      dvar set scr_sab_roundlimit 0
      dvar set scr_sab_roundswitch 1
      dvar set scr_sab_numlives 0
      dvar set scr_sab_bombtimer 30
      dvar set scr_sab_planttime 2.5
      dvar set scr_sab_defusetime 5
      dvar set scr_sab_hotpotato 0
      dvar set scr_sab_playerrespawndelay 7.5
      dvar set scr_sab_waverespawndelay 0
      dvar set scr_koth_scorelimit 250
      dvar set scr_koth_timelimit 15
      dvar set scr_koth_roundlimit 1
      dvar set scr_koth_roundswitch 1
      dvar set scr_koth_numlives 0
      dvar set scr_koth_playerrespawndelay 1
      dvar set scr_koth_waverespawndelay 0
      dvar set koth_autodestroytime 60
      dvar set koth_spawntime 0
      dvar set koth_kothmode 0
      dvar set koth_capturetime 20
      dvar set koth_destroytime 10
      dvar set koth_delayPlayer 0
      dvar set koth_spawnDelay 60
map_rotate...

"sv_mapRotation" is:"gametype war map mp_wallace"

"sv_mapRotationCurrent" is:""

      dvar set sv_mapRotationCurrent gametype war map mp_wallace
      dvar set sv_mapRotationCurrent  war map mp_wallace
      dvar set sv_mapRotationCurrent  map mp_wallace
Setting g_gametype: war.
      dvar set g_gametype war
      dvar set sv_mapRotationCurrent  mp_wallace
      dvar set sv_mapRotationCurrent 
Setting map: mp_wallace.
Unknown command "selectStringTableEntryInDvar"
      dvar set g_gametype war
      dvar set g_gametype war
      dvar set mapname mp_wallace
------ Server Initialization ------
Server: mp_wallace
      dvar set ui_maxclients 32
      dvar set sv_maxclients 24
      dvar set sv_running 1
Current language: english
Current search path:
C:\Program Files (x86)\Activision\Call of Duty 4 - Modern Warfare\mods\wallace\z_modwarfare.iwd (15 files)
C:\Program Files (x86)\Activision\Call of Duty 4 - Modern Warfare\mods\wallace\wallace.iwd (1 files)
C:\Program Files (x86)\Activision\Call of Duty 4 - Modern Warfare/mods/wallace
C:\Program Files (x86)\Activision\Call of Duty 4 - Modern Warfare\main\iw_13.iwd (265 files)
C:\Program Files (x86)\Activision\Call of Duty 4 - Modern Warfare\main\iw_12.iwd (33 files)
C:\Program Files (x86)\Activision\Call of Duty 4 - Modern Warfare\main\iw_11.iwd (448 files)
C:\Program Files (x86)\Activision\Call of Duty 4 - Modern Warfare\main\iw_10.iwd (230 files)
C:\Program Files (x86)\Activision\Call of Duty 4 - Modern Warfare\main\iw_09.iwd (447 files)
C:\Program Files (x86)\Activision\Call of Duty 4 - Modern Warfare\main\iw_08.iwd (66 files)
C:\Program Files (x86)\Activision\Call of Duty 4 - Modern Warfare\main\iw_07.iwd (34 files)
C:\Program Files (x86)\Activision\Call of Duty 4 - Modern Warfare\main\iw_06.iwd (416 files)
C:\Program Files (x86)\Activision\Call of Duty 4 - Modern Warfare\main\iw_05.iwd (716 files)
C:\Program Files (x86)\Activision\Call of Duty 4 - Modern Warfare\main\iw_04.iwd (765 files)
C:\Program Files (x86)\Activision\Call of Duty 4 - Modern Warfare\main\iw_03.iwd (670 files)
C:\Program Files (x86)\Activision\Call of Duty 4 - Modern Warfare\main\iw_02.iwd (1296 files)
C:\Program Files (x86)\Activision\Call of Duty 4 - Modern Warfare\main\iw_01.iwd (1456 files)
C:\Program Files (x86)\Activision\Call of Duty 4 - Modern Warfare\main\iw_00.iwd (1054 files)
C:\Program Files (x86)\Activision\Call of Duty 4 - Modern Warfare/main
C:\Program Files (x86)\Activision\Call of Duty 4 - Modern Warfare/main_shared
C:\Program Files (x86)\Activision\Call of Duty 4 - Modern Warfare/players
C:\Program Files (x86)\Activision\Call of Duty 4 - Modern Warfare\main\localized_english_iw06.iwd (7 files)
    localized assets iwd file for english
C:\Program Files (x86)\Activision\Call of Duty 4 - Modern Warfare\main\localized_english_iw05.iwd (1338 files)
    localized assets iwd file for english
C:\Program Files (x86)\Activision\Call of Duty 4 - Modern Warfare\main\localized_english_iw04.iwd (1730 files)
    localized assets iwd file for english
C:\Program Files (x86)\Activision\Call of Duty 4 - Modern Warfare\main\localized_english_iw03.iwd (3705 files)
    localized assets iwd file for english
C:\Program Files (x86)\Activision\Call of Duty 4 - Modern Warfare\main\localized_english_iw02.iwd (3483 files)
    localized assets iwd file for english
C:\Program Files (x86)\Activision\Call of Duty 4 - Modern Warfare\main\localized_english_iw01.iwd (3181 files)
    localized assets iwd file for english
C:\Program Files (x86)\Activision\Call of Duty 4 - Modern Warfare\main\localized_english_iw00.iwd (2903 files)
    localized assets iwd file for english

File Handles:
handle 1: console_mp.log
----------------------
48518 files in iwd files
      dvar set loc_language 0
      dvar set loc_forceEnglish 0
Loading fastfile mp_wallace
      dvar set nextmap map_restart
      dvar set cl_paused 0
Waited 2241 msec for asset 'maps/mp/mp_wallace.d3dbsp' of type 'col_map_mp'.
      dvar set sv_serverid 16
------- Game Initialization -------
gamename: Call of Duty 4
gamedate: Jun 18 2008
      dvar set g_gametype war
      dvar set ui_maxclients 32
      dvar set sv_maxclients 24
      dvar set dedicated dedicated internet server
      dvar set dedicated dedicated internet server
      dvar set g_compassShowEnemies 0
      dvar set g_useholdspawndelay 500
      dvar set g_redCrosshairs 1
      dvar set masterServerName cod4master.activision.com
      dvar set authServerName cod4master.activision.com
      dvar set masterPort 20810
      dvar set authPort 20800
      dvar set com_timescale 1
      dvar set timescale 1
      dvar set fixedtime 0
      dvar set fs_ignoreLocalized 0
      dvar set g_useholdspawndelay 500
      dvar set r_fog 1
      dvar set r_forceLod none
      dvar set r_glow 1
      dvar set onlinegame 1
      dvar set r_texFilterDisable 0
      dvar set r_texFilterMipBias 0
      dvar set r_fullbright 0
      dvar set r_debugShader none
      dvar set r_znear 4
      dvar set r_znear_depthhack 0.1
      dvar set r_zfar 0
      dvar set r_lightMap Unchanged
      dvar set r_colorMap Unchanged
      dvar set r_normalMap Unchanged
      dvar set r_specularMap Unchanged
      dvar set r_specularColorScale 1
      dvar set r_diffuseColorScale 1
      dvar set r_resampleScene 1
      dvar set r_showPixelCost off
      dvar set r_showLightGrid 0
      dvar set r_showMissingLightGrid 0
      dvar set r_lightTweakSunLight 1
      dvar set r_lightTweakSunColor 0 1 0 1
      dvar set r_lightTweakSunDirection 0 0 0
      dvar set r_norefresh 0
      dvar set r_scaleViewport 1
      dvar set r_spotLightFovInnerFraction 0.7
      dvar set r_spotLightStartRadius 36
      dvar set r_spotLightEndRadius 196
      dvar set r_spotLightShadows 1
      dvar set r_spotLightSModelShadows 1
      dvar set r_spotLightEntityShadows 1
      dvar set r_spotLightBrightness 14
      dvar set r_lockPvs 0
      dvar set r_skipPvs 0
      dvar set r_singleCell 0
      dvar set r_portalWalkLimit 0
      dvar set r_portalMinRecurseDepth 2
      dvar set r_showPortals 0
      dvar set r_showFbColorDebug None
      dvar set r_showFloatZDebug 0
      dvar set r_highLodDist -1
      dvar set r_mediumLodDist -1
      dvar set r_lowLodDist -1
      dvar set r_lowestLodDist -1
      dvar set r_modelVertColor 1
      dvar set sc_blur 2
      dvar set sc_count 24
      dvar set sc_debugCasterCount 24
      dvar set sc_debugReceiverCount 24
      dvar set sc_showOverlay 0
      dvar set sc_showDebug 0
      dvar set sc_wantCount 12
      dvar set sc_wantCountMargin 1
      dvar set sc_fadeRange 0.25
      dvar set sc_shadowInRate 2
      dvar set sc_shadowOutRate 5
      dvar set sc_length 400
      dvar set sc_offscreenCasterLodBias 0
      dvar set sc_offscreenCasterLodScale 20
      dvar set sm_sunEnable 1
      dvar set sm_spotEnable 1
      dvar set sm_sunSampleSizeNear 0.25
      dvar set sm_sunShadowCenter 0 0 0
      dvar set sm_sunShadowScale 1
      dvar set sm_strictCull 1
      dvar set sm_fastSunShadow 1
      dvar set sm_qualitySpotShadow 1
      dvar set r_blur 0
      dvar set r_glowUseTweaks 0
      dvar set r_glowTweakEnable 0
      dvar set r_glowTweakRadius0 5
      dvar set r_glowTweakBloomIntensity0 1
      dvar set r_glowTweakBloomCutoff 0.5
      dvar set r_glowTweakBloomDesaturation 0
      dvar set r_filmUseTweaks 0
      dvar set r_contrast 1
      dvar set r_brightness 0
      dvar set r_desaturation 1
      dvar set r_dof_tweak 0
      dvar set r_dof_nearBlur 6
      dvar set r_dof_farBlur 1.8
      dvar set r_dof_viewModelStart 2
      dvar set r_dof_viewModelEnd 8
      dvar set r_dof_nearStart 10
      dvar set r_dof_nearEnd 60
      dvar set r_dof_farStart 1000
      dvar set r_dof_farEnd 7000
      dvar set r_dof_bias 0.5
      dvar set r_sun_from_dvars 0
      dvar set clientSideEffects 1
      dvar set g_compassShowEnemies 0
      dvar set g_debugDamage 0
      dvar set g_debugBullets 0
      dvar set bullet_penetrationEnabled 1
      dvar set g_entinfo off
      dvar set g_debugLocDamage 0
      dvar set g_friendlyfireDist 256
      dvar set g_friendlyNameDist 15000
      dvar set melee_debug 0
      dvar set radius_damage_debug 0
      dvar set player_throwbackInnerRadius 90
      dvar set player_throwbackOuterRadius 160
      dvar set player_MGUseRadius 128
      dvar set g_minGrenadeDamageSpeed 400
      dvar set pickupPrints 0
      dvar set g_dumpAnims -1
      dvar set g_mantleBlockTimeBuffer 500
      dvar set vehHelicopterMaxSpeed 150
      dvar set vehHelicopterMaxSpeedVertical 65
      dvar set vehHelicopterMaxAccel 45
      dvar set vehHelicopterMaxAccelVertical 30
      dvar set vehHelicopterMaxYawRate 120
      dvar set vehHelicopterMaxYawAccel 90
      dvar set vehHelicopterMaxPitch 35
      dvar set vehHelicopterMaxRoll 35
      dvar set vehHelicopterLookaheadTime 1
      dvar set vehHelicopterHoverSpeedThreshold 400
      dvar set vehHelicopterRightStickDeadzone 0.3
      dvar set vehHelicopterStrafeDeadzone 0.3
      dvar set vehHelicopterScaleMovement 1
      dvar set vehHelicopterSoftCollisions 0
      dvar set vehHelicopterDecelerationFwd 0.5
      dvar set vehHelicopterDecelerationSide 1
      dvar set vehHelicopterInvertUpDown 0
      dvar set vehHelicopterYawOnLeftStick 5
      dvar set vehHelicopterTiltSpeed 1.2
      dvar set vehHelicopterTiltFromAcceleration 2
      dvar set vehHelicopterTiltFromDeceleration 2
      dvar set vehHelicopterTiltFromVelocity 1
      dvar set vehHelicopterTiltFromControllerAxes 0
      dvar set vehHelicopterTiltFromFwdAndYaw 0
      dvar set vehHelicopterTiltFromFwdAndYaw_VelAtMaxTilt 1
      dvar set vehHelicopterTiltMomentum 0.4
      dvar set vehDebugServer 0
      dvar set vehTextureScrollScale 0
      dvar set vehTestHorsepower 200
      dvar set vehTestWeight 5200
      dvar set vehTestMaxMPH 40
      dvar set missileHellfireMaxSlope 0.5
      dvar set missileHellfireUpAccel 1000
      dvar set missileJavClimbHeightDirect 10000
      dvar set missileJavClimbHeightTop 15000
      dvar set missileJavClimbAngleDirect 85
      dvar set missileJavClimbAngleTop 50
      dvar set missileJavClimbCeilingDirect 0
      dvar set missileJavClimbCeilingTop 3000
      dvar set missileJavTurnRateDirect 60
      dvar set missileJavTurnRateTop 100
      dvar set missileJavAccelClimb 300
      dvar set missileJavAccelDescend 3000
      dvar set missileJavSpeedLimitClimb 1000
      dvar set missileJavSpeedLimitDescend 6000
      dvar set missileJavTurnDecel 0.05
      dvar set missileJavClimbToOwner 700
      dvar set missileWaterMaxDepth 60
      dvar set bg_viewKickScale 0.2
      dvar set bg_viewKickMax 90
      dvar set bg_viewKickMin 5
      dvar set bg_viewKickRandom 0.4
      dvar set player_view_pitch_up 85
      dvar set player_view_pitch_down 85
      dvar set player_lean_shift_left 5
      dvar set player_lean_shift_right 9
      dvar set player_lean_shift_crouch_left 4
      dvar set player_lean_shift_crouch_right 15
      dvar set player_lean_rotate_left 0.8
      dvar set player_lean_rotate_right 0.4
      dvar set player_lean_rotate_crouch_left 0.8
      dvar set player_lean_rotate_crouch_right 0.3
      dvar set bg_ladder_yawcap 100
      dvar set bg_prone_yawcap 85
      dvar set bg_foliagesnd_minspeed 40
      dvar set bg_foliagesnd_maxspeed 180
      dvar set bg_foliagesnd_slowinterval 1500
      dvar set bg_foliagesnd_fastinterval 500
      dvar set bg_foliagesnd_resetinterval 500
      dvar set bg_fallDamageMinHeight 128
      dvar set bg_fallDamageMaxHeight 300
      dvar set inertiaMax 50
      dvar set inertiaDebug 0
      dvar set inertiaAngle 0
      dvar set friction 5.5
      dvar set stopspeed 100
      dvar set bg_swingSpeed 0.2
      dvar set bg_legYawTolerance 20
      dvar set bg_bobAmplitudeSprinting 0.02 0.014
      dvar set bg_bobAmplitudeStanding 0.007 0.007
      dvar set bg_bobAmplitudeDucked 0.0075 0.0075
      dvar set bg_bobAmplitudeProne 0.02 0.005
      dvar set bg_bobMax 8
      dvar set bg_aimSpreadMoveSpeedThreshold 11
      dvar set bg_maxGrenadeIndicatorSpeed 20
      dvar set player_breath_hold_time 4.5
      dvar set player_breath_gasp_time 1
      dvar set player_breath_fire_delay 0
      dvar set player_breath_gasp_scale 4.5
      dvar set player_breath_hold_lerp 1
      dvar set player_breath_gasp_lerp 6
      dvar set player_breath_snd_lerp 2
      dvar set player_breath_snd_delay 1
      dvar set player_scopeExitOnDamage 0
      dvar set player_adsExitDelay 0
      dvar set player_move_factor_on_torso 0
      dvar set player_debugHealth 0
      dvar set player_sustainAmmo 0
      dvar set player_moveThreshhold 10
      dvar set player_footstepsThreshhold 0
      dvar set player_strafeSpeedScale 0.8
      dvar set player_backSpeedScale 0.7
      dvar set player_strafeAnimCosAngle 0.5
      dvar set player_spectateSpeedScale 1
      dvar set player_sprintSpeedScale 1.5
      dvar set player_sprintTime 4
      dvar set player_sprintMinTime 1
      dvar set player_sprintRechargePause 0
      dvar set player_sprintStrafeSpeedScale 0.667
      dvar set player_sprintCameraBob 0.5
      dvar set player_turnAnims 0
      dvar set player_dmgtimer_timePerPoint 100
      dvar set player_dmgtimer_maxTime 750
      dvar set player_dmgtimer_minScale 0
      dvar set player_dmgtimer_stumbleTime 500
      dvar set player_dmgtimer_flinchTime 500
      dvar set bg_shock_soundLoop shellshock_loop
      dvar set bg_shock_soundLoopSilent shellshock_loop_silent
      dvar set bg_shock_soundEnd shellshock_end
      dvar set bg_shock_soundEndAbort shellshock_end_abort
      dvar set bg_shock_screenType blurred
      dvar set bg_shock_screenBlurBlendTime 0.4
      dvar set bg_shock_screenBlurBlendFadeTime 1
      dvar set bg_shock_screenFlashWhiteFadeTime 1
      dvar set bg_shock_screenFlashShotFadeTime 1
      dvar set bg_shock_viewKickPeriod 0.75
      dvar set bg_shock_viewKickRadius 0.05
      dvar set bg_shock_viewKickFadeTime 3
      dvar set bg_shock_sound 1
      dvar set bg_shock_soundFadeInTime 0.25
      dvar set bg_shock_soundFadeOutTime 2.5
      dvar set bg_shock_soundLoopFadeTime 1.5
      dvar set bg_shock_soundLoopEndDelay -3
      dvar set bg_shock_soundRoomType generic
      dvar set bg_shock_soundDryLevel 1
      dvar set bg_shock_soundWetLevel 0.5
      dvar set bg_shock_soundModEndDelay 2
      dvar set bg_shock_lookControl 1
      dvar set bg_shock_lookControl_maxpitchspeed 90
      dvar set bg_shock_lookControl_maxyawspeed 90
      dvar set bg_shock_lookControl_mousesensitivityscale 0.5
      dvar set bg_shock_lookControl_fadeTime 2
      dvar set bg_shock_movement 1
      dvar set player_meleeRange 64
      dvar set player_meleeWidth 10
      dvar set player_meleeHeight 10
      dvar set player_meleeChargeFriction 1200
      dvar set player_burstFireCooldown 0.2
      dvar set bullet_penetrationMinFxDist 30
      dvar set jump_height 39
      dvar set jump_stepSize 18
      dvar set jump_slowdownEnable 1
      dvar set jump_ladderPushVel 128
      dvar set jump_spreadAdd 64
      dvar set mantle_enable 1
      dvar set mantle_debug 0
      dvar set mantle_check_range 20
      dvar set mantle_check_radius 0.1
      dvar set mantle_check_angle 60
      dvar set mantle_view_yawcap 60
      dvar set perk_weapSpreadMultiplier 0.65
      dvar set perk_weapReloadMultiplier 0.5
      dvar set perk_weapRateMultiplier 0.75
      dvar set perk_extraBreath 5
      dvar set perk_bulletPenetrationMultiplier 2
      dvar set perk_grenadeDeath frag_grenade_short_mp
      dvar set perk_parabolicRadius 400
      dvar set perk_parabolicAngle 180
      dvar set perk_parabolicIcon specialty_parabolic
      dvar set perk_sprintMultiplier 2
      dvar set g_fogColorReadOnly 1 0 0 1
      dvar set g_fogStartDistReadOnly 0
      dvar set g_fogHalfDistReadOnly 0.1
Waited 2111 msec for asset 'maps/mp/mp_wallace.gsc' of type 'rawfile'.
      dvar set g_gravity 800
-----------------------------------
      dvar set player_sprintTime 12
Waited 544 msec for asset 'vehicle_80s_wagon1_silv_destroyed' of type 'xmodel'.
Waited 32 msec for asset 'vehicle_80s_wagon1_red_destroyed' of type 'xmodel'.
Loaded zone 'mp_wallace'
      dvar set r_specularColorScale 1
      dvar set compassMaxRange 1800
      dvar set scr_allies usmc
      dvar set scr_axis arab
      dvar set class_assault_limit 60
      dvar set class_specops_limit 30
      dvar set class_heavygunner_limit 2
      dvar set class_demolitions_limit 10
      dvar set class_sniper_limit 60
      dvar set perk_allow_specialty_parabolic 1
      dvar set perk_allow_specialty_gpsjammer 1
      dvar set perk_allow_specialty_holdbreath 1
      dvar set perk_allow_specialty_quieter 1
      dvar set perk_allow_specialty_longersprint 1
      dvar set perk_allow_specialty_detectexplosive 1
      dvar set perk_allow_specialty_explosivedamage 1
      dvar set perk_allow_specialty_pistoldeath 0
      dvar set perk_allow_specialty_grenadepulldeath 0
      dvar set perk_allow_specialty_bulletdamage 1
      dvar set perk_allow_specialty_bulletpenetration 1
      dvar set perk_allow_specialty_bulletaccuracy 1
      dvar set perk_allow_specialty_rof 1
      dvar set perk_allow_specialty_fastreload 1
      dvar set perk_allow_specialty_extraammo 1
      dvar set perk_allow_specialty_armorvest 0
      dvar set perk_allow_specialty_fraggrenade 1
      dvar set perk_allow_specialty_specialgrenade 0
      dvar set perk_allow_c4_mp 1
      dvar set perk_allow_claymore_mp 1
      dvar set perk_allow_rpg_mp 1
      dvar set class_assault_primary ak47
      dvar set class_assault_primary_attachment none
      dvar set class_assault_secondary beretta
      dvar set class_assault_secondary_attachment none
      dvar set class_assault_perk1 rpg_mp
      dvar set class_assault_perk2 specialty_bulletdamage
      dvar set class_assault_perk3 specialty_bulletpenetration
      dvar set class_assault_grenade concussion_grenade
      dvar set class_assault_camo camo_none
      dvar set class_assault_frags 1
      dvar set class_assault_special 1
      dvar set class_specops_primary mp5
      dvar set class_specops_primary_attachment none
      dvar set class_specops_secondary usp
      dvar set class_specops_secondary_attachment silencer
      dvar set class_specops_perk1 c4_mp
      dvar set class_specops_perk2 specialty_explosivedamage
      dvar set class_specops_perk3 specialty_bulletaccuracy
      dvar set class_specops_grenade flash_grenade
      dvar set class_specops_camo camo_none
      dvar set class_specops_frags 1
      dvar set class_specops_special 1
      dvar set class_heavygunner_primary saw
      dvar set class_heavygunner_primary_attachment none
      dvar set class_heavygunner_secondary usp
      dvar set class_heavygunner_secondary_attachment none
      dvar set class_heavygunner_perk1 specialty_specialgrenade
      dvar set class_heavygunner_perk2 specialty_armorvest
      dvar set class_heavygunner_perk3 specialty_longersprint
      dvar set class_heavygunner_grenade concussion_grenade
      dvar set class_heavygunner_camo camo_none
      dvar set class_heavygunner_frags 1
      dvar set class_heavygunner_special 1
      dvar set class_demolitions_primary winchester1200
      dvar set class_demolitions_primary_attachment none
      dvar set class_demolitions_secondary beretta
      dvar set class_demolitions_secondary_attachment none
      dvar set class_demolitions_perk1 rpg_mp
      dvar set class_demolitions_perk2 specialty_explosivedamage
      dvar set class_demolitions_perk3 specialty_fastreload
      dvar set class_demolitions_grenade smoke_grenade
      dvar set class_demolitions_camo camo_none
      dvar set class_demolitions_frags 1
      dvar set class_demolitions_special 1
      dvar set class_sniper_primary m40a3
      dvar set class_sniper_primary_attachment none
      dvar set class_sniper_secondary beretta
      dvar set class_sniper_secondary_attachment silencer
      dvar set class_sniper_perk1 specialty_fraggrenade
      dvar set class_sniper_perk2 specialty_bulletdamage
      dvar set class_sniper_perk3 specialty_bulletpenetration
      dvar set class_sniper_grenade smoke_grenade
      dvar set class_sniper_camo camo_woodland
      dvar set class_sniper_frags 1
      dvar set class_sniper_special 1
      dvar set scr_enable_nightvision 1
      dvar set scr_enable_music 1
      dvar set scr_enable_hiticon 1
      dvar set class_assault_movespeed 1
      dvar set class_specops_movespeed 1
      dvar set class_heavygunner_movespeed 0.75
      dvar set class_demolitions_movespeed 1
      dvar set class_sniper_movespeed 1
      dvar set allies_allow_assault 1
      dvar set axis_allow_assault 1
      dvar set allies_allow_specops 1
      dvar set axis_allow_specops 1
      dvar set allies_allow_heavygunner 1
      dvar set axis_allow_heavygunner 1
      dvar set allies_allow_demolitions 1
      dvar set axis_allow_demolitions 1
      dvar set allies_allow_sniper 1
      dvar set axis_allow_sniper 1
      dvar set sv_hostname ^2Chief's Test Server
      dvar set scr_motd 
      dvar set g_allowVote 1
Waited 1 msec for asset 'weap_c4detpack_trigger_npc' of type 'sound'.
      dvar set bg_shock_screenType blurred
      dvar set bg_shock_screenBlurBlendTime 0.4
      dvar set bg_shock_screenBlurBlendFadeTime 1
      dvar set bg_shock_screenFlashWhiteFadeTime 1
      dvar set bg_shock_screenFlashShotFadeTime 1
      dvar set bg_shock_viewKickPeriod 0.75
      dvar set bg_shock_viewKickRadius 0.05
      dvar set bg_shock_viewKickFadeTime 3
      dvar set bg_shock_soundLoop shellshock_loop
      dvar set bg_shock_soundLoopSilent shellshock_loop_silent
      dvar set bg_shock_soundEnd shellshock_end
      dvar set bg_shock_soundEndAbort shellshock_end_abort
      dvar set bg_shock_sound 1
      dvar set bg_shock_soundFadeInTime 0.25
      dvar set bg_shock_soundFadeOutTime 2.5
      dvar set bg_shock_soundLoopFadeTime 1.5
      dvar set bg_shock_soundLoopEndDelay -3
      dvar set bg_shock_soundRoomType generic
      dvar set bg_shock_soundDryLevel 1
      dvar set bg_shock_soundWetLevel 0.5
      dvar set bg_shock_soundModEndDelay 2
      dvar set bg_shock_lookControl 1
      dvar set bg_shock_lookControl_maxpitchspeed 90
      dvar set bg_shock_lookControl_maxyawspeed 90
      dvar set bg_shock_lookControl_mousesensitivityscale 0.5
      dvar set bg_shock_lookControl_fadeTime 2
      dvar set bg_shock_movement 1
      dvar set bg_shock_screenType blurred
      dvar set bg_shock_screenBlurBlendTime 0.4
      dvar set bg_shock_screenBlurBlendFadeTime 1
      dvar set bg_shock_screenFlashWhiteFadeTime 0
      dvar set bg_shock_screenFlashShotFadeTime 0
      dvar set bg_shock_viewKickPeriod 0.75
      dvar set bg_shock_viewKickRadius 0.05
      dvar set bg_shock_viewKickFadeTime 3
      dvar set bg_shock_sound 1
      dvar set bg_shock_soundLoop shellshock_loop
      dvar set bg_shock_soundLoopSilent shellshock_loop_silent
      dvar set bg_shock_soundEnd shellshock_end
      dvar set bg_shock_soundEndAbort shellshock_end_abort
      dvar set bg_shock_soundFadeInTime 0.25
      dvar set bg_shock_soundFadeOutTime 2.5
      dvar set bg_shock_soundLoopFadeTime 2
      dvar set bg_shock_soundLoopEndDelay -1.5
      dvar set bg_shock_soundRoomType underwater
      dvar set bg_shock_soundDryLevel 1
      dvar set bg_shock_soundWetLevel 0.5
      dvar set bg_shock_soundModEndDelay -0.75
WARNING: unknown dvar 'bg_shock_volume_physics' in file 'shock/default.shock'
WARNING: unknown dvar 'bg_shock_volume_auto' in file 'shock/default.shock'
WARNING: unknown dvar 'bg_shock_volume_auto2' in file 'shock/default.shock'
WARNING: unknown dvar 'bg_shock_volume_autodog' in file 'shock/default.shock'
WARNING: unknown dvar 'bg_shock_volume_bulletimpact' in file 'shock/default.shock'
WARNING: unknown dvar 'bg_shock_volume_bulletwhizby' in file 'shock/default.shock'
WARNING: unknown dvar 'bg_shock_volume_element' in file 'shock/default.shock'
WARNING: unknown dvar 'bg_shock_volume_auto2d' in file 'shock/default.shock'
WARNING: unknown dvar 'bg_shock_volume_vehicle' in file 'shock/default.shock'
WARNING: unknown dvar 'bg_shock_volume_vehiclelimited' in file 'shock/default.shock'
WARNING: unknown dvar 'bg_shock_volume_menu' in file 'shock/default.shock'
WARNING: unknown dvar 'bg_shock_volume_body' in file 'shock/default.shock'
WARNING: unknown dvar 'bg_shock_volume_body2d' in file 'shock/default.shock'
WARNING: unknown dvar 'bg_shock_volume_reload' in file 'shock/default.shock'
WARNING: unknown dvar 'bg_shock_volume_reload2d' in file 'shock/default.shock'
WARNING: unknown dvar 'bg_shock_volume_item' in file 'shock/default.shock'
WARNING: unknown dvar 'bg_shock_volume_effects1' in file 'shock/default.shock'
WARNING: unknown dvar 'bg_shock_volume_effects2' in file 'shock/default.shock'
WARNING: unknown dvar 'bg_shock_volume_weapon' in file 'shock/default.shock'
WARNING: unknown dvar 'bg_shock_volume_weapon2d' in file 'shock/default.shock'
WARNING: unknown dvar 'bg_shock_volume_nonshock' in file 'shock/default.shock'
WARNING: unknown dvar 'bg_shock_volume_voice' in file 'shock/default.shock'
WARNING: unknown dvar 'bg_shock_volume_local' in file 'shock/default.shock'
WARNING: unknown dvar 'bg_shock_volume_local2' in file 'shock/default.shock'
WARNING: unknown dvar 'bg_shock_volume_ambient' in file 'shock/default.shock'
WARNING: unknown dvar 'bg_shock_volume_hurt' in file 'shock/default.shock'
WARNING: unknown dvar 'bg_shock_volume_player1' in file 'shock/default.shock'
WARNING: unknown dvar 'bg_shock_volume_player2' in file 'shock/default.shock'
WARNING: unknown dvar 'bg_shock_volume_music' in file 'shock/default.shock'
WARNING: unknown dvar 'bg_shock_volume_musicnopause' in file 'shock/default.shock'
WARNING: unknown dvar 'bg_shock_volume_mission' in file 'shock/default.shock'
WARNING: unknown dvar 'bg_shock_volume_announcer' in file 'shock/default.shock'
WARNING: unknown dvar 'bg_shock_volume_shellshock' in file 'shock/default.shock'
      dvar set bg_shock_lookControl 1
      dvar set bg_shock_lookControl_maxpitchspeed 45
      dvar set bg_shock_lookControl_maxyawspeed 45
      dvar set bg_shock_lookControl_mousesensitivityscale 0.5
      dvar set bg_shock_lookControl_fadeTime 2
      dvar set bg_shock_movement 1
      dvar set bg_shock_screenType blurred
      dvar set bg_shock_screenBlurBlendTime 0.4
      dvar set bg_shock_screenBlurBlendFadeTime 1
      dvar set bg_shock_screenFlashWhiteFadeTime 1
      dvar set bg_shock_screenFlashShotFadeTime 1
      dvar set bg_shock_viewKickPeriod 0.75
      dvar set bg_shock_viewKickRadius 0.05
      dvar set bg_shock_viewKickFadeTime 3
      dvar set bg_shock_soundLoop shellshock_loop
      dvar set bg_shock_soundLoopSilent shellshock_loop_silent
      dvar set bg_shock_soundEnd shellshock_end
      dvar set bg_shock_soundEndAbort shellshock_end_abort
      dvar set bg_shock_sound 1
      dvar set bg_shock_soundFadeInTime 0.25
      dvar set bg_shock_soundFadeOutTime 2.5
      dvar set bg_shock_soundLoopFadeTime 1.5
      dvar set bg_shock_soundLoopEndDelay -3
      dvar set bg_shock_soundRoomType generic
      dvar set bg_shock_soundDryLevel 1
      dvar set bg_shock_soundWetLevel 0.5
      dvar set bg_shock_soundModEndDelay 2
      dvar set bg_shock_lookControl 1
      dvar set bg_shock_lookControl_maxpitchspeed 90
      dvar set bg_shock_lookControl_maxyawspeed 90
      dvar set bg_shock_lookControl_mousesensitivityscale 0.5
      dvar set bg_shock_lookControl_fadeTime 2
      dvar set bg_shock_movement 1
      dvar set bg_shock_screenType flashed
      dvar set bg_shock_screenBlurBlendTime 0.4
      dvar set bg_shock_screenBlurBlendFadeTime 12
      dvar set bg_shock_screenFlashWhiteFadeTime 7.5
      dvar set bg_shock_screenFlashShotFadeTime 15
      dvar set bg_shock_viewKickPeriod 0.75
      dvar set bg_shock_viewKickRadius 0.1
      dvar set bg_shock_viewKickFadeTime 3
      dvar set bg_shock_sound 1
      dvar set bg_shock_soundLoop flashbang_tinnitus_loop
      dvar set bg_shock_soundLoopSilent flashbang_tinnitus_loop_silent
      dvar set bg_shock_soundEnd flashbang_tinnitus_end
      dvar set bg_shock_soundEndAbort flashbang_tinnitus_abort
      dvar set bg_shock_soundFadeInTime 1
      dvar set bg_shock_soundFadeOutTime 2.5
      dvar set bg_shock_soundLoopFadeTime 2
      dvar set bg_shock_soundLoopEndDelay -1.5
      dvar set bg_shock_soundRoomType underwater
      dvar set bg_shock_soundDryLevel 0.7
      dvar set bg_shock_soundWetLevel 0.5
      dvar set bg_shock_soundModEndDelay 0.1
WARNING: unknown dvar 'bg_shock_volume_physics' in file 'shock/concussion_grenade_mp.shock'
WARNING: unknown dvar 'bg_shock_volume_auto' in file 'shock/concussion_grenade_mp.shock'
WARNING: unknown dvar 'bg_shock_volume_auto2' in file 'shock/concussion_grenade_mp.shock'
WARNING: unknown dvar 'bg_shock_volume_autodog' in file 'shock/concussion_grenade_mp.shock'
WARNING: unknown dvar 'bg_shock_volume_bulletimpact' in file 'shock/concussion_grenade_mp.shock'
WARNING: unknown dvar 'bg_shock_volume_bulletwhizby' in file 'shock/concussion_grenade_mp.shock'
WARNING: unknown dvar 'bg_shock_volume_element' in file 'shock/concussion_grenade_mp.shock'
WARNING: unknown dvar 'bg_shock_volume_auto2d' in file 'shock/concussion_grenade_mp.shock'
WARNING: unknown dvar 'bg_shock_volume_vehicle' in file 'shock/concussion_grenade_mp.shock'
WARNING: unknown dvar 'bg_shock_volume_vehiclelimited' in file 'shock/concussion_grenade_mp.shock'
WARNING: unknown dvar 'bg_shock_volume_menu' in file 'shock/concussion_grenade_mp.shock'
WARNING: unknown dvar 'bg_shock_volume_body' in file 'shock/concussion_grenade_mp.shock'
WARNING: unknown dvar 'bg_shock_volume_body2d' in file 'shock/concussion_grenade_mp.shock'
WARNING: unknown dvar 'bg_shock_volume_reload' in file 'shock/concussion_grenade_mp.shock'
WARNING: unknown dvar 'bg_shock_volume_reload2d' in file 'shock/concussion_grenade_mp.shock'
WARNING: unknown dvar 'bg_shock_volume_item' in file 'shock/concussion_grenade_mp.shock'
WARNING: unknown dvar 'bg_shock_volume_effects1' in file 'shock/concussion_grenade_mp.shock'
WARNING: unknown dvar 'bg_shock_volume_effects2' in file 'shock/concussion_grenade_mp.shock'
WARNING: unknown dvar 'bg_shock_volume_weapon' in file 'shock/concussion_grenade_mp.shock'
WARNING: unknown dvar 'bg_shock_volume_weapon2d' in file 'shock/concussion_grenade_mp.shock'
WARNING: unknown dvar 'bg_shock_volume_nonshock' in file 'shock/concussion_grenade_mp.shock'
WARNING: unknown dvar 'bg_shock_volume_voice' in file 'shock/concussion_grenade_mp.shock'
WARNING: unknown dvar 'bg_shock_volume_local' in file 'shock/concussion_grenade_mp.shock'
WARNING: unknown dvar 'bg_shock_volume_local2' in file 'shock/concussion_grenade_mp.shock'
WARNING: unknown dvar 'bg_shock_volume_ambient' in file 'shock/concussion_grenade_mp.shock'
WARNING: unknown dvar 'bg_shock_volume_hurt' in file 'shock/concussion_grenade_mp.shock'
WARNING: unknown dvar 'bg_shock_volume_player1' in file 'shock/concussion_grenade_mp.shock'
WARNING: unknown dvar 'bg_shock_volume_player2' in file 'shock/concussion_grenade_mp.shock'
WARNING: unknown dvar 'bg_shock_volume_music' in file 'shock/concussion_grenade_mp.shock'
WARNING: unknown dvar 'bg_shock_volume_musicnopause' in file 'shock/concussion_grenade_mp.shock'
WARNING: unknown dvar 'bg_shock_volume_mission' in file 'shock/concussion_grenade_mp.shock'
WARNING: unknown dvar 'bg_shock_volume_announcer' in file 'shock/concussion_grenade_mp.shock'
WARNING: unknown dvar 'bg_shock_volume_shellshock' in file 'shock/concussion_grenade_mp.shock'
      dvar set bg_shock_lookControl 1
      dvar set bg_shock_lookControl_maxpitchspeed 35
      dvar set bg_shock_lookControl_maxyawspeed 35
      dvar set bg_shock_lookControl_mousesensitivityscale 0.1
      dvar set bg_shock_lookControl_fadeTime 2
      dvar set bg_shock_movement 1
      dvar set bg_shock_screenType blurred
      dvar set bg_shock_screenBlurBlendTime 0.4
      dvar set bg_shock_screenBlurBlendFadeTime 1
      dvar set bg_shock_screenFlashWhiteFadeTime 1
      dvar set bg_shock_screenFlashShotFadeTime 1
      dvar set bg_shock_viewKickPeriod 0.75
      dvar set bg_shock_viewKickRadius 0.05
      dvar set bg_shock_viewKickFadeTime 3
      dvar set bg_shock_soundLoop shellshock_loop
      dvar set bg_shock_soundLoopSilent shellshock_loop_silent
      dvar set bg_shock_soundEnd shellshock_end
      dvar set bg_shock_soundEndAbort shellshock_end_abort
      dvar set bg_shock_sound 1
      dvar set bg_shock_soundFadeInTime 0.25
      dvar set bg_shock_soundFadeOutTime 2.5
      dvar set bg_shock_soundLoopFadeTime 1.5
      dvar set bg_shock_soundLoopEndDelay -3
      dvar set bg_shock_soundRoomType generic
      dvar set bg_shock_soundDryLevel 1
      dvar set bg_shock_soundWetLevel 0.5
      dvar set bg_shock_soundModEndDelay 2
      dvar set bg_shock_lookControl 1
      dvar set bg_shock_lookControl_maxpitchspeed 90
      dvar set bg_shock_lookControl_maxyawspeed 90
      dvar set bg_shock_lookControl_mousesensitivityscale 0.5
      dvar set bg_shock_lookControl_fadeTime 2
      dvar set bg_shock_movement 1
      dvar set bg_shock_screenType flashed
      dvar set bg_shock_screenBlurBlendTime 0.4
      dvar set bg_shock_screenBlurBlendFadeTime 1
      dvar set bg_shock_screenFlashWhiteFadeTime 3.5
      dvar set bg_shock_screenFlashShotFadeTime 1
      dvar set bg_shock_viewKickPeriod 0.75
      dvar set bg_shock_viewKickRadius 0.05
      dvar set bg_shock_viewKickFadeTime 3
      dvar set bg_shock_sound 1
      dvar set bg_shock_soundLoop flashbang_tinnitus_loop
      dvar set bg_shock_soundLoopSilent flashbang_tinnitus_loop_silent
      dvar set bg_shock_soundEnd flashbang_tinnitus_end
      dvar set bg_shock_soundEndAbort flashbang_tinnitus_abort
      dvar set bg_shock_soundFadeInTime 0.25
      dvar set bg_shock_soundFadeOutTime 2
      dvar set bg_shock_soundModEndDelay 1.5
      dvar set bg_shock_soundLoopFadeTime 2
      dvar set bg_shock_soundLoopEndDelay 2
      dvar set bg_shock_soundRoomType underwater
      dvar set bg_shock_soundDryLevel 0.6
      dvar set bg_shock_soundWetLevel 0.8
WARNING: unknown dvar 'bg_shock_volume_physics' in file 'shock/flashbang.shock'
WARNING: unknown dvar 'bg_shock_volume_auto' in file 'shock/flashbang.shock'
WARNING: unknown dvar 'bg_shock_volume_auto2' in file 'shock/flashbang.shock'
WARNING: unknown dvar 'bg_shock_volume_autodog' in file 'shock/flashbang.shock'
WARNING: unknown dvar 'bg_shock_volume_bulletimpact' in file 'shock/flashbang.shock'
WARNING: unknown dvar 'bg_shock_volume_bulletwhizby' in file 'shock/flashbang.shock'
WARNING: unknown dvar 'bg_shock_volume_element' in file 'shock/flashbang.shock'
WARNING: unknown dvar 'bg_shock_volume_auto2d' in file 'shock/flashbang.shock'
WARNING: unknown dvar 'bg_shock_volume_vehicle' in file 'shock/flashbang.shock'
WARNING: unknown dvar 'bg_shock_volume_vehiclelimited' in file 'shock/flashbang.shock'
WARNING: unknown dvar 'bg_shock_volume_menu' in file 'shock/flashbang.shock'
WARNING: unknown dvar 'bg_shock_volume_body' in file 'shock/flashbang.shock'
WARNING: unknown dvar 'bg_shock_volume_body2d' in file 'shock/flashbang.shock'
WARNING: unknown dvar 'bg_shock_volume_reload' in file 'shock/flashbang.shock'
WARNING: unknown dvar 'bg_shock_volume_reload2d' in file 'shock/flashbang.shock'
WARNING: unknown dvar 'bg_shock_volume_item' in file 'shock/flashbang.shock'
WARNING: unknown dvar 'bg_shock_volume_effects1' in file 'shock/flashbang.shock'
WARNING: unknown dvar 'bg_shock_volume_effects2' in file 'shock/flashbang.shock'
WARNING: unknown dvar 'bg_shock_volume_weapon' in file 'shock/flashbang.shock'
WARNING: unknown dvar 'bg_shock_volume_weapon2d' in file 'shock/flashbang.shock'
WARNING: unknown dvar 'bg_shock_volume_nonshock' in file 'shock/flashbang.shock'
WARNING: unknown dvar 'bg_shock_volume_voice' in file 'shock/flashbang.shock'
WARNING: unknown dvar 'bg_shock_volume_local' in file 'shock/flashbang.shock'
WARNING: unknown dvar 'bg_shock_volume_local2' in file 'shock/flashbang.shock'
WARNING: unknown dvar 'bg_shock_volume_ambient' in file 'shock/flashbang.shock'
WARNING: unknown dvar 'bg_shock_volume_hurt' in file 'shock/flashbang.shock'
WARNING: unknown dvar 'bg_shock_volume_player1' in file 'shock/flashbang.shock'
WARNING: unknown dvar 'bg_shock_volume_player2' in file 'shock/flashbang.shock'
WARNING: unknown dvar 'bg_shock_volume_music' in file 'shock/flashbang.shock'
WARNING: unknown dvar 'bg_shock_volume_musicnopause' in file 'shock/flashbang.shock'
WARNING: unknown dvar 'bg_shock_volume_mission' in file 'shock/flashbang.shock'
WARNING: unknown dvar 'bg_shock_volume_announcer' in file 'shock/flashbang.shock'
WARNING: unknown dvar 'bg_shock_volume_shellshock' in file 'shock/flashbang.shock'
      dvar set bg_shock_lookControl 0
      dvar set bg_shock_lookControl_maxpitchspeed 90
      dvar set bg_shock_lookControl_maxyawspeed 90
      dvar set bg_shock_lookControl_mousesensitivityscale 0.5
      dvar set bg_shock_lookControl_fadeTime 2
      dvar set bg_shock_movement 0
      dvar set g_TeamName_Allies MPUI_MARINES_SHORT
      dvar set g_TeamIcon_Allies faction_128_usmc
      dvar set g_TeamColor_Allies 0.6 0.639216 0.690196 0
      dvar set g_ScoresColor_Allies 0.6 0.639216 0.690196 0
      dvar set g_TeamName_Axis MPUI_OPFOR_SHORT
      dvar set g_TeamIcon_Axis faction_128_arab
      dvar set g_TeamColor_Axis 0.65098 0.568627 0.411765 0
      dvar set g_ScoresColor_Axis 0.65098 0.568627 0.411765 0
      dvar set g_ScoresColor_Spectator 0.25098 0.25098 0.25098 0
      dvar set g_ScoresColor_Free 0.760784 0.780392 0.101961 0
      dvar set g_TeamColor_MyTeam 0.6 0.8 0.6 0
      dvar set g_TeamColor_EnemyTeam 1 0.45098 0.501961 0
      dvar set bg_shock_screenType blurred
      dvar set bg_shock_screenBlurBlendTime 0.4
      dvar set bg_shock_screenBlurBlendFadeTime 1
      dvar set bg_shock_screenFlashWhiteFadeTime 1
      dvar set bg_shock_screenFlashShotFadeTime 1
      dvar set bg_shock_viewKickPeriod 0.75
      dvar set bg_shock_viewKickRadius 0.05
      dvar set bg_shock_viewKickFadeTime 3
      dvar set bg_shock_soundLoop shellshock_loop
      dvar set bg_shock_soundLoopSilent shellshock_loop_silent
      dvar set bg_shock_soundEnd shellshock_end
      dvar set bg_shock_soundEndAbort shellshock_end_abort
      dvar set bg_shock_sound 1
      dvar set bg_shock_soundFadeInTime 0.25
      dvar set bg_shock_soundFadeOutTime 2.5
      dvar set bg_shock_soundLoopFadeTime 1.5
      dvar set bg_shock_soundLoopEndDelay -3
      dvar set bg_shock_soundRoomType generic
      dvar set bg_shock_soundDryLevel 1
      dvar set bg_shock_soundWetLevel 0.5
      dvar set bg_shock_soundModEndDelay 2
      dvar set bg_shock_lookControl 1
      dvar set bg_shock_lookControl_maxpitchspeed 90
      dvar set bg_shock_lookControl_maxyawspeed 90
      dvar set bg_shock_lookControl_mousesensitivityscale 0.5
      dvar set bg_shock_lookControl_fadeTime 2
      dvar set bg_shock_movement 1
      dvar set bg_shock_screenType blurred
      dvar set bg_shock_screenBlurBlendTime 0.4
      dvar set bg_shock_screenBlurBlendFadeTime 1
      dvar set bg_shock_screenFlashWhiteFadeTime 0
      dvar set bg_shock_screenFlashShotFadeTime 0
      dvar set bg_shock_viewKickPeriod 0.75
      dvar set bg_shock_viewKickRadius 0.05
      dvar set bg_shock_viewKickFadeTime 1.5
      dvar set bg_shock_sound 0
      dvar set bg_shock_soundLoop shellshock_loop
      dvar set bg_shock_soundLoopSilent shellshock_loop_silent
      dvar set bg_shock_soundEnd shellshock_end
      dvar set bg_shock_soundEndAbort shellshock_end_abort
      dvar set bg_shock_soundFadeInTime 0.25
      dvar set bg_shock_soundFadeOutTime 2.5
      dvar set bg_shock_soundLoopFadeTime 2
      dvar set bg_shock_soundLoopEndDelay -1.5
      dvar set bg_shock_soundRoomType underwater
      dvar set bg_shock_soundDryLevel 1
      dvar set bg_shock_soundWetLevel 0.5
      dvar set bg_shock_soundModEndDelay -0.75
WARNING: unknown dvar 'bg_shock_volume_physics' in file 'shock/frag_grenade_mp.shock'
WARNING: unknown dvar 'bg_shock_volume_auto' in file 'shock/frag_grenade_mp.shock'
WARNING: unknown dvar 'bg_shock_volume_auto2' in file 'shock/frag_grenade_mp.shock'
WARNING: unknown dvar 'bg_shock_volume_autodog' in file 'shock/frag_grenade_mp.shock'
WARNING: unknown dvar 'bg_shock_volume_bulletimpact' in file 'shock/frag_grenade_mp.shock'
WARNING: unknown dvar 'bg_shock_volume_bulletwhizby' in file 'shock/frag_grenade_mp.shock'
WARNING: unknown dvar 'bg_shock_volume_element' in file 'shock/frag_grenade_mp.shock'
WARNING: unknown dvar 'bg_shock_volume_auto2d' in file 'shock/frag_grenade_mp.shock'
WARNING: unknown dvar 'bg_shock_volume_vehicle' in file 'shock/frag_grenade_mp.shock'
WARNING: unknown dvar 'bg_shock_volume_vehiclelimited' in file 'shock/frag_grenade_mp.shock'
WARNING: unknown dvar 'bg_shock_volume_menu' in file 'shock/frag_grenade_mp.shock'
WARNING: unknown dvar 'bg_shock_volume_body' in file 'shock/frag_grenade_mp.shock'
WARNING: unknown dvar 'bg_shock_volume_body2d' in file 'shock/frag_grenade_mp.shock'
WARNING: unknown dvar 'bg_shock_volume_reload' in file 'shock/frag_grenade_mp.shock'
WARNING: unknown dvar 'bg_shock_volume_reload2d' in file 'shock/frag_grenade_mp.shock'
WARNING: unknown dvar 'bg_shock_volume_item' in file 'shock/frag_grenade_mp.shock'
WARNING: unknown dvar 'bg_shock_volume_effects1' in file 'shock/frag_grenade_mp.shock'
WARNING: unknown dvar 'bg_shock_volume_effects2' in file 'shock/frag_grenade_mp.shock'
WARNING: unknown dvar 'bg_shock_volume_weapon' in file 'shock/frag_grenade_mp.shock'
WARNING: unknown dvar 'bg_shock_volume_weapon2d' in file 'shock/frag_grenade_mp.shock'
WARNING: unknown dvar 'bg_shock_volume_nonshock' in file 'shock/frag_grenade_mp.shock'
WARNING: unknown dvar 'bg_shock_volume_voice' in file 'shock/frag_grenade_mp.shock'
WARNING: unknown dvar 'bg_shock_volume_local' in file 'shock/frag_grenade_mp.shock'
WARNING: unknown dvar 'bg_shock_volume_local2' in file 'shock/frag_grenade_mp.shock'
WARNING: unknown dvar 'bg_shock_volume_ambient' in file 'shock/frag_grenade_mp.shock'
WARNING: unknown dvar 'bg_shock_volume_hurt' in file 'shock/frag_grenade_mp.shock'
WARNING: unknown dvar 'bg_shock_volume_player1' in file 'shock/frag_grenade_mp.shock'
WARNING: unknown dvar 'bg_shock_volume_player2' in file 'shock/frag_grenade_mp.shock'
WARNING: unknown dvar 'bg_shock_volume_music' in file 'shock/frag_grenade_mp.shock'
WARNING: unknown dvar 'bg_shock_volume_musicnopause' in file 'shock/frag_grenade_mp.shock'
WARNING: unknown dvar 'bg_shock_volume_mission' in file 'shock/frag_grenade_mp.shock'
WARNING: unknown dvar 'bg_shock_volume_announcer' in file 'shock/frag_grenade_mp.shock'
WARNING: unknown dvar 'bg_shock_volume_shellshock' in file 'shock/frag_grenade_mp.shock'
      dvar set bg_shock_lookControl 0
      dvar set bg_shock_lookControl_maxpitchspeed 90
      dvar set bg_shock_lookControl_maxyawspeed 90
      dvar set bg_shock_lookControl_mousesensitivityscale 0.5
      dvar set bg_shock_lookControl_fadeTime 2
      dvar set bg_shock_movement 1
      dvar set bg_shock_screenType blurred
      dvar set bg_shock_screenBlurBlendTime 0.4
      dvar set bg_shock_screenBlurBlendFadeTime 1
      dvar set bg_shock_screenFlashWhiteFadeTime 1
      dvar set bg_shock_screenFlashShotFadeTime 1
      dvar set bg_shock_viewKickPeriod 0.75
      dvar set bg_shock_viewKickRadius 0.05
      dvar set bg_shock_viewKickFadeTime 3
      dvar set bg_shock_soundLoop shellshock_loop
      dvar set bg_shock_soundLoopSilent shellshock_loop_silent
      dvar set bg_shock_soundEnd shellshock_end
      dvar set bg_shock_soundEndAbort shellshock_end_abort
      dvar set bg_shock_sound 1
      dvar set bg_shock_soundFadeInTime 0.25
      dvar set bg_shock_soundFadeOutTime 2.5
      dvar set bg_shock_soundLoopFadeTime 1.5
      dvar set bg_shock_soundLoopEndDelay -3
      dvar set bg_shock_soundRoomType generic
      dvar set bg_shock_soundDryLevel 1
      dvar set bg_shock_soundWetLevel 0.5
      dvar set bg_shock_soundModEndDelay 2
      dvar set bg_shock_lookControl 1
      dvar set bg_shock_lookControl_maxpitchspeed 90
      dvar set bg_shock_lookControl_maxyawspeed 90
      dvar set bg_shock_lookControl_mousesensitivityscale 0.5
      dvar set bg_shock_lookControl_fadeTime 2
      dvar set bg_shock_movement 1
      dvar set bg_shock_screenType blurred
      dvar set bg_shock_screenBlurBlendTime 0.4
      dvar set bg_shock_screenBlurBlendFadeTime 1
      dvar set bg_shock_screenFlashWhiteFadeTime 0
      dvar set bg_shock_screenFlashShotFadeTime 0
      dvar set bg_shock_viewKickPeriod 0
'0' is not a valid value for dvar 'bg_shock_viewKickPeriod'
  Domain is any number from 0.001 to 1000
      dvar set bg_shock_viewKickRadius 0
      dvar set bg_shock_viewKickFadeTime 0
'0' is not a valid value for dvar 'bg_shock_viewKickFadeTime'
  Domain is any number from 0.001 to 1000
      dvar set bg_shock_sound 0
      dvar set bg_shock_soundLoop shellshock_loop
      dvar set bg_shock_soundLoopSilent shellshock_loop_silent
      dvar set bg_shock_soundEnd shellshock_end
      dvar set bg_shock_soundEndAbort shellshock_end_abort
      dvar set bg_shock_soundFadeInTime 0.25
      dvar set bg_shock_soundFadeOutTime 2.5
      dvar set bg_shock_soundLoopFadeTime 2
      dvar set bg_shock_soundLoopEndDelay -1.5
      dvar set bg_shock_soundRoomType underwater
      dvar set bg_shock_soundDryLevel 1
      dvar set bg_shock_soundWetLevel 0.5
      dvar set bg_shock_soundModEndDelay -0.75
WARNING: unknown dvar 'bg_shock_volume_physics' in file 'shock/damage_mp.shock'
WARNING: unknown dvar 'bg_shock_volume_auto' in file 'shock/damage_mp.shock'
WARNING: unknown dvar 'bg_shock_volume_auto2' in file 'shock/damage_mp.shock'
WARNING: unknown dvar 'bg_shock_volume_autodog' in file 'shock/damage_mp.shock'
WARNING: unknown dvar 'bg_shock_volume_bulletimpact' in file 'shock/damage_mp.shock'
WARNING: unknown dvar 'bg_shock_volume_bulletwhizby' in file 'shock/damage_mp.shock'
WARNING: unknown dvar 'bg_shock_volume_element' in file 'shock/damage_mp.shock'
WARNING: unknown dvar 'bg_shock_volume_auto2d' in file 'shock/damage_mp.shock'
WARNING: unknown dvar 'bg_shock_volume_vehicle' in file 'shock/damage_mp.shock'
WARNING: unknown dvar 'bg_shock_volume_vehiclelimited' in file 'shock/damage_mp.shock'
WARNING: unknown dvar 'bg_shock_volume_menu' in file 'shock/damage_mp.shock'
WARNING: unknown dvar 'bg_shock_volume_body' in file 'shock/damage_mp.shock'
WARNING: unknown dvar 'bg_shock_volume_body2d' in file 'shock/damage_mp.shock'
WARNING: unknown dvar 'bg_shock_volume_reload' in file 'shock/damage_mp.shock'
WARNING: unknown dvar 'bg_shock_volume_reload2d' in file 'shock/damage_mp.shock'
WARNING: unknown dvar 'bg_shock_volume_item' in file 'shock/damage_mp.shock'
WARNING: unknown dvar 'bg_shock_volume_effects1' in file 'shock/damage_mp.shock'
WARNING: unknown dvar 'bg_shock_volume_effects2' in file 'shock/damage_mp.shock'
WARNING: unknown dvar 'bg_shock_volume_weapon' in file 'shock/damage_mp.shock'
WARNING: unknown dvar 'bg_shock_volume_weapon2d' in file 'shock/damage_mp.shock'
WARNING: unknown dvar 'bg_shock_volume_nonshock' in file 'shock/damage_mp.shock'
WARNING: unknown dvar 'bg_shock_volume_voice' in file 'shock/damage_mp.shock'
WARNING: unknown dvar 'bg_shock_volume_local' in file 'shock/damage_mp.shock'
WARNING: unknown dvar 'bg_shock_volume_local2' in file 'shock/damage_mp.shock'
WARNING: unknown dvar 'bg_shock_volume_ambient' in file 'shock/damage_mp.shock'
WARNING: unknown dvar 'bg_shock_volume_hurt' in file 'shock/damage_mp.shock'
WARNING: unknown dvar 'bg_shock_volume_player1' in file 'shock/damage_mp.shock'
WARNING: unknown dvar 'bg_shock_volume_player2' in file 'shock/damage_mp.shock'
WARNING: unknown dvar 'bg_shock_volume_music' in file 'shock/damage_mp.shock'
WARNING: unknown dvar 'bg_shock_volume_musicnopause' in file 'shock/damage_mp.shock'
WARNING: unknown dvar 'bg_shock_volume_mission' in file 'shock/damage_mp.shock'
WARNING: unknown dvar 'bg_shock_volume_announcer' in file 'shock/damage_mp.shock'
WARNING: unknown dvar 'bg_shock_volume_shellshock' in file 'shock/damage_mp.shock'
      dvar set bg_shock_lookControl 1
      dvar set bg_shock_lookControl_maxpitchspeed 35
      dvar set bg_shock_lookControl_maxyawspeed 35
      dvar set bg_shock_lookControl_mousesensitivityscale 0.1
      dvar set bg_shock_lookControl_fadeTime 2
      dvar set bg_shock_movement 1
      dvar set ui_uav_allies 0
      dvar set ui_uav_axis 0
      dvar set g_compassShowEnemies 0
      dvar set ui_hud_hardcore 1
      dvar set sv_iwds -1990473361 -155242029 2115322797 1043426064 -292863836 173489706 -1846635013 -1079795827 -1041447890 -715502781 489843315 499941093 309900900 -165391090 648005745 -1190209610 
      dvar set sv_iwdNames z_modwarfare wallace iw_13 iw_12 iw_11 iw_10 iw_09 iw_08 iw_07 iw_06 iw_05 iw_04 iw_03 iw_02 iw_01 iw_00
      dvar set sv_referencedIwds -1190209610 -292863836 -1990473361 -155242029 
      dvar set sv_referencedIwdNames main/iw_00 main/iw_11 mods/wallace/z_modwarfare mods/wallace/wallace
      dvar set sv_referencedFFCheckSums 89196 34310 13517381 36902005
      dvar set sv_referencedFFNames code_post_gfx_mp mods/wallace/mod common_mp mp_wallace
-----------------------------------
      dvar set sv_cheats 0
Working directory: C:\Program Files (x86)\Activision\Call of Duty 4 - Modern Warfare
Huffman Took 4 Milliseconds
Hitch warning: 12167 msec frame time
Resolving cod4master.activision.com
cod4master.activision.com resolved to 63.146.124.21:20810
Sending heartbeat to cod4master.activision.com
Resolving cod4master.activision.com
cod4master.activision.com resolved to 63.146.124.21:20800
      dvar set ui_hud_hardcore 0
Client 1 connecting with 50 challenge ping from 174.103.127.193:28961
Going from CS_FREE to CS_CONNECTED for  (num 6 guid "ca40ab5a74513f5a3aa3b96c662a5fcd")
Received packet 0 of stats data
Received packet 1 of stats data
Sending heartbeat to cod4master.activision.com
Received packet 2 of stats data
Received packet 3 of stats data
Received packet 4 of stats data
Received packet 5 of stats data
Received packet 6 of stats data
      dvar set g_deadChat 1
      dvar set axis_allow_assault 1
Sending heartbeat to cod4master.activision.com
Sending heartbeat to cod4master.activision.com
Sending heartbeat to cod4master.activision.com
6:Chief EXE_DISCONNECTED
Sending heartbeat to cod4master.activision.com
quitting...
----- CL_Shutdown -----
-----------------------
----- Server Shutdown -----
Sending heartbeat to cod4master.activision.com
==== ShutdownGame (1) ====
      dvar set sv_running 0
---------------------------
Unloaded fastfile mp_wallace
Unloaded fastfile localized_common_mp
Unloaded fastfile common_mp
Unloaded fastfile mod
Unloaded fastfile localized_code_post_gfx_mp
Unloaded fastfile code_post_gfx_mp
